<?xml version="1.0" encoding="UTF-8"?>
<coverage generated="1759559948716" clover="3.2.0">
  <project timestamp="1759559948716" name="All files">
    <metrics statements="573" coveredstatements="460" conditionals="220" coveredconditionals="162" methods="57" coveredmethods="56" elements="850" coveredelements="678" complexity="0" loc="573" ncloc="573" packages="1" files="2" classes="2"/>
    <file name="database.js" path="/home/runner/work/docente-plus/docente-plus/db/database.js">
      <metrics statements="572" coveredstatements="459" conditionals="220" coveredconditionals="162" methods="57" coveredmethods="56"/>
      <line num="6" count="5" type="stmt"/>
      <line num="9" count="5" type="stmt"/>
      <line num="10" count="68" type="stmt"/>
      <line num="11" count="68" type="stmt"/>
      <line num="14" count="68" type="stmt"/>
      <line num="15" count="68" type="stmt"/>
      <line num="16" count="68" type="stmt"/>
      <line num="17" count="68" type="stmt"/>
      <line num="18" count="68" type="stmt"/>
      <line num="19" count="68" type="stmt"/>
      <line num="20" count="68" type="stmt"/>
      <line num="22" count="68" type="stmt"/>
      <line num="23" count="68" type="stmt"/>
      <line num="25" count="0" type="stmt"/>
      <line num="26" count="0" type="stmt"/>
      <line num="31" count="5" type="stmt"/>
      <line num="32" count="119" type="cond" truecount="1" falsecount="1"/>
      <line num="33" count="0" type="stmt"/>
      <line num="35" count="119" type="stmt"/>
      <line num="49" count="5" type="cond" truecount="0" falsecount="2"/>
      <line num="50" count="3" type="stmt"/>
      <line num="51" count="3" type="stmt"/>
      <line num="52" count="3" type="stmt"/>
      <line num="57" count="3" type="stmt"/>
      <line num="64" count="0" type="stmt"/>
      <line num="65" count="0" type="stmt"/>
      <line num="73" count="5" type="stmt"/>
      <line num="74" count="1" type="stmt"/>
      <line num="75" count="1" type="stmt"/>
      <line num="76" count="1" type="stmt"/>
      <line num="77" count="1" type="stmt"/>
      <line num="79" count="0" type="stmt"/>
      <line num="80" count="0" type="stmt"/>
      <line num="89" count="5" type="stmt"/>
      <line num="90" count="2" type="stmt"/>
      <line num="91" count="2" type="stmt"/>
      <line num="92" count="2" type="stmt"/>
      <line num="93" count="2" type="cond" truecount="1" falsecount="1"/>
      <line num="95" count="0" type="stmt"/>
      <line num="96" count="0" type="stmt"/>
      <line num="108" count="5" type="cond" truecount="0" falsecount="2"/>
      <line num="109" count="1" type="stmt"/>
      <line num="110" count="1" type="stmt"/>
      <line num="113" count="1" type="stmt"/>
      <line num="114" count="1" type="stmt"/>
      <line num="116" count="1" type="cond" truecount="3" falsecount="1"/>
      <line num="117" count="1" type="stmt"/>
      <line num="118" count="1" type="stmt"/>
      <line num="120" count="1" type="cond" truecount="3" falsecount="1"/>
      <line num="121" count="1" type="stmt"/>
      <line num="122" count="1" type="stmt"/>
      <line num="124" count="1" type="cond" truecount="3" falsecount="1"/>
      <line num="125" count="1" type="stmt"/>
      <line num="126" count="1" type="stmt"/>
      <line num="129" count="1" type="cond" truecount="1" falsecount="1"/>
      <line num="130" count="0" type="stmt"/>
      <line num="133" count="1" type="stmt"/>
      <line num="134" count="1" type="stmt"/>
      <line num="136" count="1" type="stmt"/>
      <line num="139" count="1" type="stmt"/>
      <line num="141" count="0" type="stmt"/>
      <line num="142" count="0" type="stmt"/>
      <line num="151" count="5" type="stmt"/>
      <line num="152" count="1" type="stmt"/>
      <line num="153" count="1" type="stmt"/>
      <line num="154" count="1" type="stmt"/>
      <line num="155" count="1" type="stmt"/>
      <line num="157" count="0" type="stmt"/>
      <line num="158" count="0" type="stmt"/>
      <line num="166" count="5" type="stmt"/>
      <line num="167" count="0" type="stmt"/>
      <line num="168" count="0" type="stmt"/>
      <line num="169" count="0" type="stmt"/>
      <line num="170" count="0" type="stmt"/>
      <line num="172" count="0" type="stmt"/>
      <line num="173" count="0" type="stmt"/>
      <line num="189" count="5" type="cond" truecount="0" falsecount="3"/>
      <line num="190" count="3" type="stmt"/>
      <line num="191" count="3" type="stmt"/>
      <line num="192" count="3" type="stmt"/>
      <line num="197" count="2" type="stmt"/>
      <line num="205" count="1" type="stmt"/>
      <line num="206" count="1" type="stmt"/>
      <line num="214" count="5" type="stmt"/>
      <line num="215" count="3" type="stmt"/>
      <line num="216" count="3" type="stmt"/>
      <line num="217" count="3" type="stmt"/>
      <line num="218" count="2" type="stmt"/>
      <line num="220" count="1" type="stmt"/>
      <line num="221" count="1" type="stmt"/>
      <line num="230" count="5" type="stmt"/>
      <line num="231" count="3" type="stmt"/>
      <line num="232" count="3" type="stmt"/>
      <line num="233" count="3" type="stmt"/>
      <line num="234" count="3" type="cond" truecount="2" falsecount="0"/>
      <line num="236" count="0" type="stmt"/>
      <line num="237" count="0" type="stmt"/>
      <line num="250" count="5" type="cond" truecount="4" falsecount="0"/>
      <line num="251" count="3" type="stmt"/>
      <line num="252" count="3" type="stmt"/>
      <line num="254" count="3" type="stmt"/>
      <line num="255" count="3" type="stmt"/>
      <line num="257" count="3" type="cond" truecount="4" falsecount="0"/>
      <line num="258" count="2" type="stmt"/>
      <line num="259" count="2" type="stmt"/>
      <line num="261" count="3" type="cond" truecount="4" falsecount="0"/>
      <line num="262" count="2" type="stmt"/>
      <line num="263" count="2" type="stmt"/>
      <line num="265" count="3" type="cond" truecount="4" falsecount="0"/>
      <line num="266" count="2" type="stmt"/>
      <line num="267" count="2" type="stmt"/>
      <line num="269" count="3" type="cond" truecount="4" falsecount="0"/>
      <line num="270" count="2" type="stmt"/>
      <line num="271" count="2" type="stmt"/>
      <line num="274" count="3" type="cond" truecount="2" falsecount="0"/>
      <line num="275" count="1" type="stmt"/>
      <line num="278" count="2" type="stmt"/>
      <line num="279" count="2" type="stmt"/>
      <line num="281" count="2" type="stmt"/>
      <line num="283" count="1" type="stmt"/>
      <line num="285" count="2" type="stmt"/>
      <line num="286" count="2" type="stmt"/>
      <line num="295" count="5" type="stmt"/>
      <line num="296" count="2" type="stmt"/>
      <line num="297" count="2" type="stmt"/>
      <line num="298" count="2" type="stmt"/>
      <line num="299" count="1" type="stmt"/>
      <line num="301" count="1" type="stmt"/>
      <line num="302" count="1" type="stmt"/>
      <line num="317" count="5" type="cond" truecount="0" falsecount="2"/>
      <line num="318" count="2" type="stmt"/>
      <line num="319" count="2" type="stmt"/>
      <line num="320" count="2" type="stmt"/>
      <line num="325" count="2" type="stmt"/>
      <line num="332" count="0" type="stmt"/>
      <line num="333" count="0" type="stmt"/>
      <line num="341" count="5" type="stmt"/>
      <line num="342" count="1" type="stmt"/>
      <line num="343" count="1" type="stmt"/>
      <line num="344" count="1" type="stmt"/>
      <line num="345" count="1" type="stmt"/>
      <line num="347" count="0" type="stmt"/>
      <line num="348" count="0" type="stmt"/>
      <line num="357" count="5" type="stmt"/>
      <line num="358" count="1" type="stmt"/>
      <line num="359" count="1" type="stmt"/>
      <line num="360" count="1" type="stmt"/>
      <line num="364" count="1" type="stmt"/>
      <line num="366" count="0" type="stmt"/>
      <line num="367" count="0" type="stmt"/>
      <line num="376" count="5" type="stmt"/>
      <line num="377" count="2" type="stmt"/>
      <line num="378" count="2" type="stmt"/>
      <line num="379" count="2" type="stmt"/>
      <line num="380" count="2" type="cond" truecount="1" falsecount="1"/>
      <line num="382" count="0" type="stmt"/>
      <line num="383" count="0" type="stmt"/>
      <line num="395" count="5" type="cond" truecount="0" falsecount="3"/>
      <line num="396" count="1" type="stmt"/>
      <line num="397" count="1" type="stmt"/>
      <line num="399" count="1" type="stmt"/>
      <line num="400" count="1" type="stmt"/>
      <line num="402" count="1" type="cond" truecount="3" falsecount="1"/>
      <line num="403" count="1" type="stmt"/>
      <line num="404" count="1" type="stmt"/>
      <line num="406" count="1" type="cond" truecount="3" falsecount="1"/>
      <line num="407" count="1" type="stmt"/>
      <line num="408" count="1" type="stmt"/>
      <line num="410" count="1" type="cond" truecount="3" falsecount="1"/>
      <line num="411" count="1" type="stmt"/>
      <line num="412" count="1" type="stmt"/>
      <line num="415" count="1" type="cond" truecount="1" falsecount="1"/>
      <line num="416" count="0" type="stmt"/>
      <line num="419" count="1" type="stmt"/>
      <line num="420" count="1" type="stmt"/>
      <line num="422" count="1" type="stmt"/>
      <line num="424" count="1" type="stmt"/>
      <line num="426" count="0" type="stmt"/>
      <line num="427" count="0" type="stmt"/>
      <line num="436" count="5" type="stmt"/>
      <line num="437" count="1" type="stmt"/>
      <line num="438" count="1" type="stmt"/>
      <line num="439" count="1" type="stmt"/>
      <line num="440" count="1" type="stmt"/>
      <line num="442" count="0" type="stmt"/>
      <line num="443" count="0" type="stmt"/>
      <line num="460" count="5" type="cond" truecount="0" falsecount="2"/>
      <line num="461" count="1" type="stmt"/>
      <line num="462" count="1" type="stmt"/>
      <line num="463" count="1" type="stmt"/>
      <line num="468" count="1" type="stmt"/>
      <line num="477" count="0" type="stmt"/>
      <line num="478" count="0" type="stmt"/>
      <line num="486" count="5" type="stmt"/>
      <line num="487" count="1" type="stmt"/>
      <line num="488" count="1" type="stmt"/>
      <line num="489" count="1" type="stmt"/>
      <line num="490" count="1" type="stmt"/>
      <line num="492" count="0" type="stmt"/>
      <line num="493" count="0" type="stmt"/>
      <line num="502" count="5" type="stmt"/>
      <line num="503" count="1" type="stmt"/>
      <line num="504" count="1" type="stmt"/>
      <line num="505" count="1" type="stmt"/>
      <line num="509" count="1" type="stmt"/>
      <line num="511" count="0" type="stmt"/>
      <line num="512" count="0" type="stmt"/>
      <line num="521" count="5" type="stmt"/>
      <line num="522" count="2" type="stmt"/>
      <line num="523" count="2" type="stmt"/>
      <line num="524" count="2" type="stmt"/>
      <line num="525" count="2" type="cond" truecount="1" falsecount="1"/>
      <line num="527" count="0" type="stmt"/>
      <line num="528" count="0" type="stmt"/>
      <line num="542" count="5" type="cond" truecount="0" falsecount="5"/>
      <line num="543" count="1" type="stmt"/>
      <line num="544" count="1" type="stmt"/>
      <line num="546" count="1" type="stmt"/>
      <line num="547" count="1" type="stmt"/>
      <line num="549" count="1" type="cond" truecount="3" falsecount="1"/>
      <line num="550" count="1" type="stmt"/>
      <line num="551" count="1" type="stmt"/>
      <line num="553" count="1" type="cond" truecount="3" falsecount="1"/>
      <line num="554" count="1" type="stmt"/>
      <line num="555" count="1" type="stmt"/>
      <line num="557" count="1" type="cond" truecount="3" falsecount="1"/>
      <line num="558" count="1" type="stmt"/>
      <line num="559" count="1" type="stmt"/>
      <line num="561" count="1" type="cond" truecount="3" falsecount="1"/>
      <line num="562" count="1" type="stmt"/>
      <line num="563" count="1" type="stmt"/>
      <line num="565" count="1" type="cond" truecount="3" falsecount="1"/>
      <line num="566" count="1" type="stmt"/>
      <line num="567" count="1" type="stmt"/>
      <line num="570" count="1" type="cond" truecount="1" falsecount="1"/>
      <line num="571" count="0" type="stmt"/>
      <line num="574" count="1" type="stmt"/>
      <line num="575" count="1" type="stmt"/>
      <line num="577" count="1" type="stmt"/>
      <line num="579" count="1" type="stmt"/>
      <line num="581" count="0" type="stmt"/>
      <line num="582" count="0" type="stmt"/>
      <line num="591" count="5" type="stmt"/>
      <line num="592" count="1" type="stmt"/>
      <line num="593" count="1" type="stmt"/>
      <line num="594" count="1" type="stmt"/>
      <line num="595" count="1" type="stmt"/>
      <line num="597" count="0" type="stmt"/>
      <line num="598" count="0" type="stmt"/>
      <line num="621" count="5" type="cond" truecount="4" falsecount="1"/>
      <line num="622" count="8" type="stmt"/>
      <line num="623" count="8" type="stmt"/>
      <line num="624" count="8" type="stmt"/>
      <line num="626" count="8" type="stmt"/>
      <line num="631" count="8" type="stmt"/>
      <line num="643" count="0" type="stmt"/>
      <line num="644" count="0" type="stmt"/>
      <line num="652" count="5" type="stmt"/>
      <line num="653" count="1" type="stmt"/>
      <line num="654" count="1" type="stmt"/>
      <line num="655" count="1" type="stmt"/>
      <line num="656" count="1" type="stmt"/>
      <line num="658" count="0" type="stmt"/>
      <line num="659" count="0" type="stmt"/>
      <line num="668" count="5" type="stmt"/>
      <line num="669" count="1" type="stmt"/>
      <line num="670" count="1" type="stmt"/>
      <line num="671" count="1" type="stmt"/>
      <line num="675" count="1" type="stmt"/>
      <line num="677" count="0" type="stmt"/>
      <line num="678" count="0" type="stmt"/>
      <line num="687" count="5" type="stmt"/>
      <line num="688" count="1" type="stmt"/>
      <line num="689" count="1" type="stmt"/>
      <line num="690" count="1" type="stmt"/>
      <line num="694" count="1" type="stmt"/>
      <line num="696" count="0" type="stmt"/>
      <line num="697" count="0" type="stmt"/>
      <line num="706" count="5" type="stmt"/>
      <line num="707" count="5" type="stmt"/>
      <line num="708" count="5" type="stmt"/>
      <line num="709" count="5" type="stmt"/>
      <line num="710" count="5" type="cond" truecount="2" falsecount="0"/>
      <line num="712" count="0" type="stmt"/>
      <line num="713" count="0" type="stmt"/>
      <line num="729" count="5" type="cond" truecount="7" falsecount="0"/>
      <line num="730" count="3" type="stmt"/>
      <line num="731" count="3" type="stmt"/>
      <line num="733" count="3" type="stmt"/>
      <line num="734" count="3" type="stmt"/>
      <line num="736" count="3" type="cond" truecount="4" falsecount="0"/>
      <line num="737" count="1" type="stmt"/>
      <line num="738" count="1" type="stmt"/>
      <line num="740" count="3" type="cond" truecount="3" falsecount="1"/>
      <line num="741" count="0" type="stmt"/>
      <line num="742" count="0" type="stmt"/>
      <line num="744" count="3" type="cond" truecount="3" falsecount="1"/>
      <line num="745" count="0" type="stmt"/>
      <line num="746" count="0" type="stmt"/>
      <line num="748" count="3" type="cond" truecount="3" falsecount="1"/>
      <line num="749" count="0" type="stmt"/>
      <line num="750" count="0" type="stmt"/>
      <line num="752" count="3" type="cond" truecount="4" falsecount="0"/>
      <line num="753" count="1" type="stmt"/>
      <line num="754" count="1" type="stmt"/>
      <line num="756" count="3" type="cond" truecount="3" falsecount="1"/>
      <line num="757" count="0" type="stmt"/>
      <line num="758" count="0" type="stmt"/>
      <line num="760" count="3" type="cond" truecount="3" falsecount="1"/>
      <line num="761" count="0" type="stmt"/>
      <line num="762" count="0" type="stmt"/>
      <line num="765" count="3" type="cond" truecount="2" falsecount="0"/>
      <line num="766" count="1" type="stmt"/>
      <line num="769" count="2" type="stmt"/>
      <line num="770" count="2" type="stmt"/>
      <line num="772" count="2" type="stmt"/>
      <line num="774" count="2" type="stmt"/>
      <line num="776" count="1" type="stmt"/>
      <line num="777" count="1" type="stmt"/>
      <line num="786" count="5" type="stmt"/>
      <line num="787" count="1" type="stmt"/>
      <line num="788" count="1" type="stmt"/>
      <line num="791" count="1" type="stmt"/>
      <line num="792" count="1" type="cond" truecount="3" falsecount="1"/>
      <line num="793" count="0" type="stmt"/>
      <line num="794" count="0" type="stmt"/>
      <line num="795" count="0" type="cond" truecount="0" falsecount="2"/>
      <line num="796" count="0" type="stmt"/>
      <line num="799" count="0" type="stmt"/>
      <line num="803" count="1" type="stmt"/>
      <line num="804" count="1" type="stmt"/>
      <line num="806" count="0" type="stmt"/>
      <line num="807" count="0" type="stmt"/>
      <line num="819" count="5" type="stmt"/>
      <line num="820" count="6" type="stmt"/>
      <line num="821" count="6" type="stmt"/>
      <line num="822" count="6" type="stmt"/>
      <line num="823" count="6" type="stmt"/>
      <line num="826" count="6" type="stmt"/>
      <line num="827" count="6" type="cond" truecount="2" falsecount="0"/>
      <line num="828" count="1" type="stmt"/>
      <line num="832" count="5" type="stmt"/>
      <line num="837" count="5" type="stmt"/>
      <line num="838" count="5" type="stmt"/>
      <line num="840" count="1" type="stmt"/>
      <line num="841" count="1" type="stmt"/>
      <line num="849" count="5" type="stmt"/>
      <line num="850" count="2" type="stmt"/>
      <line num="851" count="2" type="stmt"/>
      <line num="854" count="2" type="cond" truecount="2" falsecount="0"/>
      <line num="855" count="1" type="stmt"/>
      <line num="861" count="2" type="stmt"/>
      <line num="863" count="0" type="stmt"/>
      <line num="864" count="0" type="stmt"/>
      <line num="872" count="5" type="stmt"/>
      <line num="873" count="5" type="stmt"/>
      <line num="874" count="5" type="stmt"/>
      <line num="876" count="5" type="stmt"/>
      <line num="877" count="15" type="cond" truecount="2" falsecount="0"/>
      <line num="879" count="12" type="stmt"/>
      <line num="880" count="12" type="stmt"/>
      <line num="881" count="12" type="stmt"/>
      <line num="889" count="5" type="stmt"/>
      <line num="891" count="0" type="stmt"/>
      <line num="892" count="0" type="stmt"/>
      <line num="901" count="5" type="stmt"/>
      <line num="902" count="4" type="stmt"/>
      <line num="903" count="4" type="stmt"/>
      <line num="906" count="4" type="stmt"/>
      <line num="907" count="4" type="cond" truecount="2" falsecount="0"/>
      <line num="908" count="1" type="stmt"/>
      <line num="912" count="3" type="stmt"/>
      <line num="913" count="3" type="stmt"/>
      <line num="914" count="3" type="cond" truecount="1" falsecount="1"/>
      <line num="915" count="3" type="stmt"/>
      <line num="919" count="3" type="stmt"/>
      <line num="923" count="3" type="stmt"/>
      <line num="928" count="3" type="stmt"/>
      <line num="929" count="3" type="stmt"/>
      <line num="931" count="1" type="stmt"/>
      <line num="932" count="1" type="stmt"/>
      <line num="941" count="5" type="cond" truecount="0" falsecount="1"/>
      <line num="942" count="2" type="stmt"/>
      <line num="943" count="2" type="stmt"/>
      <line num="946" count="6" type="stmt"/>
      <line num="949" count="2" type="stmt"/>
      <line num="951" count="2" type="stmt"/>
      <line num="952" count="3" type="stmt"/>
      <line num="953" count="3" type="stmt"/>
      <line num="956" count="2" type="stmt"/>
      <line num="958" count="0" type="stmt"/>
      <line num="959" count="0" type="stmt"/>
      <line num="967" count="5" type="stmt"/>
      <line num="968" count="3" type="stmt"/>
      <line num="969" count="3" type="stmt"/>
      <line num="972" count="3" type="stmt"/>
      <line num="973" count="3" type="stmt"/>
      <line num="974" count="3" type="stmt"/>
      <line num="975" count="3" type="stmt"/>
      <line num="976" count="3" type="stmt"/>
      <line num="977" count="3" type="stmt"/>
      <line num="979" count="3" type="stmt"/>
      <line num="992" count="3" type="stmt"/>
      <line num="994" count="0" type="stmt"/>
      <line num="995" count="0" type="stmt"/>
      <line num="1003" count="5" type="stmt"/>
      <line num="1004" count="2" type="stmt"/>
      <line num="1005" count="2" type="stmt"/>
      <line num="1006" count="2" type="stmt"/>
      <line num="1007" count="2" type="stmt"/>
      <line num="1009" count="2" type="stmt"/>
      <line num="1015" count="2" type="stmt"/>
      <line num="1018" count="2" type="cond" truecount="1" falsecount="1"/>
      <line num="1019" count="2" type="stmt"/>
      <line num="1025" count="2" type="stmt"/>
      <line num="1027" count="0" type="stmt"/>
      <line num="1028" count="0" type="stmt"/>
      <line num="1037" count="5" type="stmt"/>
      <line num="1038" count="3" type="stmt"/>
      <line num="1039" count="3" type="stmt"/>
      <line num="1042" count="3" type="stmt"/>
      <line num="1046" count="3" type="stmt"/>
      <line num="1048" count="3" type="cond" truecount="2" falsecount="0"/>
      <line num="1049" count="1" type="stmt"/>
      <line num="1052" count="2" type="stmt"/>
      <line num="1062" count="2" type="cond" truecount="1" falsecount="1"/>
      <line num="1063" count="2" type="stmt"/>
      <line num="1064" count="1" type="stmt"/>
      <line num="1068" count="1" type="stmt"/>
      <line num="1073" count="2" type="cond" truecount="1" falsecount="1"/>
      <line num="1074" count="2" type="stmt"/>
      <line num="1075" count="1" type="stmt"/>
      <line num="1079" count="1" type="stmt"/>
      <line num="1084" count="2" type="cond" truecount="1" falsecount="1"/>
      <line num="1085" count="2" type="stmt"/>
      <line num="1086" count="1" type="stmt"/>
      <line num="1090" count="1" type="stmt"/>
      <line num="1095" count="2" type="cond" truecount="1" falsecount="1"/>
      <line num="1096" count="2" type="stmt"/>
      <line num="1097" count="1" type="stmt"/>
      <line num="1101" count="1" type="stmt"/>
      <line num="1106" count="2" type="cond" truecount="1" falsecount="1"/>
      <line num="1107" count="2" type="stmt"/>
      <line num="1108" count="1" type="stmt"/>
      <line num="1112" count="1" type="stmt"/>
      <line num="1117" count="2" type="cond" truecount="1" falsecount="1"/>
      <line num="1118" count="0" type="stmt"/>
      <line num="1119" count="0" type="stmt"/>
      <line num="1123" count="0" type="stmt"/>
      <line num="1127" count="2" type="stmt"/>
      <line num="1128" count="2" type="stmt"/>
      <line num="1130" count="1" type="stmt"/>
      <line num="1131" count="1" type="stmt"/>
      <line num="1144" count="5" type="stmt"/>
      <line num="1145" count="11" type="stmt"/>
      <line num="1146" count="11" type="stmt"/>
      <line num="1147" count="11" type="stmt"/>
      <line num="1149" count="11" type="stmt"/>
      <line num="1171" count="11" type="stmt"/>
      <line num="1178" count="0" type="stmt"/>
      <line num="1179" count="0" type="stmt"/>
      <line num="1187" count="5" type="stmt"/>
      <line num="1188" count="2" type="stmt"/>
      <line num="1189" count="2" type="stmt"/>
      <line num="1190" count="2" type="stmt"/>
      <line num="1193" count="2" type="stmt"/>
      <line num="1195" count="0" type="stmt"/>
      <line num="1196" count="0" type="stmt"/>
      <line num="1205" count="5" type="stmt"/>
      <line num="1206" count="1" type="stmt"/>
      <line num="1207" count="1" type="stmt"/>
      <line num="1208" count="1" type="stmt"/>
      <line num="1212" count="1" type="stmt"/>
      <line num="1214" count="0" type="stmt"/>
      <line num="1215" count="0" type="stmt"/>
      <line num="1224" count="5" type="stmt"/>
      <line num="1225" count="7" type="stmt"/>
      <line num="1226" count="7" type="stmt"/>
      <line num="1227" count="7" type="stmt"/>
      <line num="1231" count="7" type="cond" truecount="2" falsecount="0"/>
      <line num="1233" count="0" type="stmt"/>
      <line num="1234" count="0" type="stmt"/>
      <line num="1244" count="5" type="stmt"/>
      <line num="1245" count="3" type="stmt"/>
      <line num="1246" count="3" type="stmt"/>
      <line num="1247" count="3" type="stmt"/>
      <line num="1249" count="3" type="stmt"/>
      <line num="1250" count="3" type="stmt"/>
      <line num="1252" count="3" type="stmt"/>
      <line num="1257" count="3" type="stmt"/>
      <line num="1258" count="30" type="cond" truecount="2" falsecount="0"/>
      <line num="1259" count="3" type="stmt"/>
      <line num="1260" count="3" type="stmt"/>
      <line num="1264" count="3" type="cond" truecount="2" falsecount="0"/>
      <line num="1265" count="1" type="stmt"/>
      <line num="1268" count="2" type="stmt"/>
      <line num="1269" count="2" type="stmt"/>
      <line num="1270" count="2" type="stmt"/>
      <line num="1272" count="2" type="stmt"/>
      <line num="1273" count="2" type="stmt"/>
      <line num="1275" count="2" type="stmt"/>
      <line num="1277" count="1" type="stmt"/>
      <line num="1278" count="1" type="stmt"/>
      <line num="1287" count="5" type="stmt"/>
      <line num="1288" count="2" type="stmt"/>
      <line num="1289" count="2" type="stmt"/>
      <line num="1292" count="2" type="stmt"/>
      <line num="1295" count="2" type="cond" truecount="3" falsecount="1"/>
      <line num="1296" count="0" type="stmt"/>
      <line num="1297" count="0" type="stmt"/>
      <line num="1298" count="0" type="cond" truecount="0" falsecount="2"/>
      <line num="1299" count="0" type="stmt"/>
      <line num="1302" count="0" type="stmt"/>
      <line num="1306" count="2" type="stmt"/>
      <line num="1307" count="2" type="stmt"/>
      <line num="1309" count="0" type="stmt"/>
      <line num="1310" count="0" type="stmt"/>
      <line num="1322" count="5" type="stmt"/>
      <line num="1323" count="7" type="stmt"/>
      <line num="1324" count="7" type="stmt"/>
      <line num="1327" count="7" type="stmt"/>
      <line num="1328" count="6" type="stmt"/>
      <line num="1329" count="6" type="stmt"/>
      <line num="1330" count="6" type="stmt"/>
      <line num="1333" count="6" type="stmt"/>
      <line num="1338" count="6" type="stmt"/>
      <line num="1341" count="6" type="stmt"/>
      <line num="1345" count="6" type="stmt"/>
      <line num="1355" count="1" type="stmt"/>
      <line num="1356" count="1" type="stmt"/>
      <line num="1364" count="5" type="stmt"/>
      <line num="1365" count="5" type="stmt"/>
      <line num="1366" count="5" type="stmt"/>
      <line num="1368" count="5" type="stmt"/>
      <line num="1385" count="5" type="stmt"/>
      <line num="1387" count="0" type="stmt"/>
      <line num="1388" count="0" type="stmt"/>
      <line num="1396" count="5" type="stmt"/>
      <line num="1397" count="5" type="stmt"/>
      <line num="1398" count="5" type="stmt"/>
      <line num="1401" count="5" type="stmt"/>
      <line num="1417" count="5" type="stmt"/>
      <line num="1433" count="5" type="stmt"/>
      <line num="1434" count="20" type="stmt"/>
      <line num="1437" count="5" type="stmt"/>
      <line num="1439" count="0" type="stmt"/>
      <line num="1440" count="0" type="stmt"/>
      <line num="1448" count="5" type="stmt"/>
      <line num="1449" count="7" type="stmt"/>
      <line num="1450" count="7" type="stmt"/>
      <line num="1452" count="7" type="stmt"/>
      <line num="1467" count="7" type="stmt"/>
      <line num="1469" count="0" type="stmt"/>
      <line num="1470" count="0" type="stmt"/>
      <line num="1478" count="5" type="stmt"/>
      <line num="1479" count="6" type="stmt"/>
      <line num="1480" count="6" type="stmt"/>
      <line num="1482" count="6" type="stmt"/>
      <line num="1491" count="6" type="stmt"/>
      <line num="1493" count="0" type="stmt"/>
      <line num="1494" count="0" type="stmt"/>
      <line num="1502" count="5" type="stmt"/>
      <line num="1503" count="3" type="stmt"/>
      <line num="1504" count="3" type="stmt"/>
      <line num="1505" count="3" type="stmt"/>
      <line num="1506" count="3" type="stmt"/>
      <line num="1507" count="3" type="stmt"/>
      <line num="1508" count="3" type="stmt"/>
      <line num="1510" count="3" type="stmt"/>
      <line num="1519" count="3" type="stmt"/>
      <line num="1521" count="0" type="stmt"/>
      <line num="1522" count="0" type="stmt"/>
    </file>
    <file name="schema.js" path="/home/runner/work/docente-plus/docente-plus/db/schema.js">
      <metrics statements="1" coveredstatements="1" conditionals="0" coveredconditionals="0" methods="0" coveredmethods="0"/>
      <line num="1" count="5" type="stmt"/>
    </file>
  </project>
</coverage>
