{"/home/runner/work/docente-plus/docente-plus/db/database.js": {"path":"/home/runner/work/docente-plus/docente-plus/db/database.js","statementMap":{"0":{"start":{"line":6,"column":9},"end":{"line":6,"column":13}},"1":{"start":{"line":9,"column":28},"end":{"line":28,"column":1}},"2":{"start":{"line":10,"column":2},"end":{"line":27,"column":3}},"3":{"start":{"line":11,"column":4},"end":{"line":11,"column":59}},"4":{"start":{"line":14,"column":4},"end":{"line":14,"column":40}},"5":{"start":{"line":15,"column":4},"end":{"line":15,"column":39}},"6":{"start":{"line":16,"column":4},"end":{"line":16,"column":40}},"7":{"start":{"line":17,"column":4},"end":{"line":17,"column":40}},"8":{"start":{"line":18,"column":4},"end":{"line":18,"column":43}},"9":{"start":{"line":19,"column":4},"end":{"line":19,"column":41}},"10":{"start":{"line":20,"column":4},"end":{"line":20,"column":47}},"11":{"start":{"line":22,"column":4},"end":{"line":22,"column":53}},"12":{"start":{"line":23,"column":4},"end":{"line":23,"column":14}},"13":{"start":{"line":25,"column":4},"end":{"line":25,"column":57}},"14":{"start":{"line":26,"column":4},"end":{"line":26,"column":16}},"15":{"start":{"line":31,"column":27},"end":{"line":36,"column":1}},"16":{"start":{"line":32,"column":2},"end":{"line":34,"column":3}},"17":{"start":{"line":33,"column":4},"end":{"line":33,"column":76}},"18":{"start":{"line":35,"column":2},"end":{"line":35,"column":12}},"19":{"start":{"line":49,"column":27},"end":{"line":67,"column":1}},"20":{"start":{"line":50,"column":2},"end":{"line":66,"column":3}},"21":{"start":{"line":51,"column":21},"end":{"line":51,"column":34}},"22":{"start":{"line":52,"column":19},"end":{"line":55,"column":5}},"23":{"start":{"line":57,"column":4},"end":{"line":62,"column":6}},"24":{"start":{"line":64,"column":4},"end":{"line":64,"column":50}},"25":{"start":{"line":65,"column":4},"end":{"line":65,"column":16}},"26":{"start":{"line":73,"column":29},"end":{"line":82,"column":1}},"27":{"start":{"line":74,"column":2},"end":{"line":81,"column":3}},"28":{"start":{"line":75,"column":21},"end":{"line":75,"column":34}},"29":{"start":{"line":76,"column":19},"end":{"line":76,"column":84}},"30":{"start":{"line":77,"column":4},"end":{"line":77,"column":18}},"31":{"start":{"line":79,"column":4},"end":{"line":79,"column":55}},"32":{"start":{"line":80,"column":4},"end":{"line":80,"column":16}},"33":{"start":{"line":89,"column":28},"end":{"line":98,"column":1}},"34":{"start":{"line":90,"column":2},"end":{"line":97,"column":3}},"35":{"start":{"line":91,"column":21},"end":{"line":91,"column":34}},"36":{"start":{"line":92,"column":19},"end":{"line":92,"column":91}},"37":{"start":{"line":93,"column":4},"end":{"line":93,"column":26}},"38":{"start":{"line":95,"column":4},"end":{"line":95,"column":55}},"39":{"start":{"line":96,"column":4},"end":{"line":96,"column":16}},"40":{"start":{"line":108,"column":27},"end":{"line":144,"column":1}},"41":{"start":{"line":109,"column":2},"end":{"line":143,"column":3}},"42":{"start":{"line":110,"column":21},"end":{"line":110,"column":34}},"43":{"start":{"line":113,"column":20},"end":{"line":113,"column":22}},"44":{"start":{"line":114,"column":19},"end":{"line":114,"column":21}},"45":{"start":{"line":116,"column":4},"end":{"line":119,"column":5}},"46":{"start":{"line":117,"column":6},"end":{"line":117,"column":31}},"47":{"start":{"line":118,"column":6},"end":{"line":118,"column":24}},"48":{"start":{"line":120,"column":4},"end":{"line":123,"column":5}},"49":{"start":{"line":121,"column":6},"end":{"line":121,"column":37}},"50":{"start":{"line":122,"column":6},"end":{"line":122,"column":29}},"51":{"start":{"line":124,"column":4},"end":{"line":127,"column":5}},"52":{"start":{"line":125,"column":6},"end":{"line":125,"column":40}},"53":{"start":{"line":126,"column":6},"end":{"line":126,"column":32}},"54":{"start":{"line":129,"column":4},"end":{"line":131,"column":5}},"55":{"start":{"line":130,"column":6},"end":{"line":130,"column":45}},"56":{"start":{"line":133,"column":4},"end":{"line":133,"column":20}},"57":{"start":{"line":134,"column":18},"end":{"line":134,"column":73}},"58":{"start":{"line":136,"column":4},"end":{"line":136,"column":43}},"59":{"start":{"line":139,"column":4},"end":{"line":139,"column":34}},"60":{"start":{"line":141,"column":4},"end":{"line":141,"column":50}},"61":{"start":{"line":142,"column":4},"end":{"line":142,"column":16}},"62":{"start":{"line":151,"column":27},"end":{"line":160,"column":1}},"63":{"start":{"line":152,"column":2},"end":{"line":159,"column":3}},"64":{"start":{"line":153,"column":21},"end":{"line":153,"column":34}},"65":{"start":{"line":154,"column":4},"end":{"line":154,"column":70}},"66":{"start":{"line":155,"column":4},"end":{"line":155,"column":16}},"67":{"start":{"line":157,"column":4},"end":{"line":157,"column":50}},"68":{"start":{"line":158,"column":4},"end":{"line":158,"column":16}},"69":{"start":{"line":166,"column":32},"end":{"line":175,"column":1}},"70":{"start":{"line":167,"column":2},"end":{"line":174,"column":3}},"71":{"start":{"line":168,"column":21},"end":{"line":168,"column":34}},"72":{"start":{"line":169,"column":4},"end":{"line":169,"column":51}},"73":{"start":{"line":170,"column":4},"end":{"line":170,"column":16}},"74":{"start":{"line":172,"column":4},"end":{"line":172,"column":56}},"75":{"start":{"line":173,"column":4},"end":{"line":173,"column":16}},"76":{"start":{"line":189,"column":29},"end":{"line":208,"column":1}},"77":{"start":{"line":190,"column":2},"end":{"line":207,"column":3}},"78":{"start":{"line":191,"column":21},"end":{"line":191,"column":34}},"79":{"start":{"line":192,"column":19},"end":{"line":195,"column":5}},"80":{"start":{"line":197,"column":4},"end":{"line":203,"column":6}},"81":{"start":{"line":205,"column":4},"end":{"line":205,"column":52}},"82":{"start":{"line":206,"column":4},"end":{"line":206,"column":16}},"83":{"start":{"line":214,"column":30},"end":{"line":223,"column":1}},"84":{"start":{"line":215,"column":2},"end":{"line":222,"column":3}},"85":{"start":{"line":216,"column":21},"end":{"line":216,"column":34}},"86":{"start":{"line":217,"column":19},"end":{"line":217,"column":85}},"87":{"start":{"line":218,"column":4},"end":{"line":218,"column":18}},"88":{"start":{"line":220,"column":4},"end":{"line":220,"column":56}},"89":{"start":{"line":221,"column":4},"end":{"line":221,"column":16}},"90":{"start":{"line":230,"column":30},"end":{"line":239,"column":1}},"91":{"start":{"line":231,"column":2},"end":{"line":238,"column":3}},"92":{"start":{"line":232,"column":21},"end":{"line":232,"column":34}},"93":{"start":{"line":233,"column":19},"end":{"line":233,"column":92}},"94":{"start":{"line":234,"column":4},"end":{"line":234,"column":26}},"95":{"start":{"line":236,"column":4},"end":{"line":236,"column":57}},"96":{"start":{"line":237,"column":4},"end":{"line":237,"column":16}},"97":{"start":{"line":250,"column":29},"end":{"line":288,"column":1}},"98":{"start":{"line":251,"column":2},"end":{"line":287,"column":3}},"99":{"start":{"line":252,"column":21},"end":{"line":252,"column":34}},"100":{"start":{"line":254,"column":20},"end":{"line":254,"column":22}},"101":{"start":{"line":255,"column":19},"end":{"line":255,"column":21}},"102":{"start":{"line":257,"column":4},"end":{"line":260,"column":5}},"103":{"start":{"line":258,"column":6},"end":{"line":258,"column":31}},"104":{"start":{"line":259,"column":6},"end":{"line":259,"column":24}},"105":{"start":{"line":261,"column":4},"end":{"line":264,"column":5}},"106":{"start":{"line":262,"column":6},"end":{"line":262,"column":33}},"107":{"start":{"line":263,"column":6},"end":{"line":263,"column":26}},"108":{"start":{"line":265,"column":4},"end":{"line":268,"column":5}},"109":{"start":{"line":266,"column":6},"end":{"line":266,"column":35}},"110":{"start":{"line":267,"column":6},"end":{"line":267,"column":28}},"111":{"start":{"line":269,"column":4},"end":{"line":272,"column":5}},"112":{"start":{"line":270,"column":6},"end":{"line":270,"column":35}},"113":{"start":{"line":271,"column":6},"end":{"line":271,"column":28}},"114":{"start":{"line":274,"column":4},"end":{"line":276,"column":5}},"115":{"start":{"line":275,"column":6},"end":{"line":275,"column":45}},"116":{"start":{"line":278,"column":4},"end":{"line":278,"column":20}},"117":{"start":{"line":279,"column":18},"end":{"line":279,"column":74}},"118":{"start":{"line":281,"column":4},"end":{"line":281,"column":43}},"119":{"start":{"line":283,"column":4},"end":{"line":283,"column":36}},"120":{"start":{"line":285,"column":4},"end":{"line":285,"column":52}},"121":{"start":{"line":286,"column":4},"end":{"line":286,"column":16}},"122":{"start":{"line":295,"column":29},"end":{"line":304,"column":1}},"123":{"start":{"line":296,"column":2},"end":{"line":303,"column":3}},"124":{"start":{"line":297,"column":21},"end":{"line":297,"column":34}},"125":{"start":{"line":298,"column":4},"end":{"line":298,"column":71}},"126":{"start":{"line":299,"column":4},"end":{"line":299,"column":16}},"127":{"start":{"line":301,"column":4},"end":{"line":301,"column":52}},"128":{"start":{"line":302,"column":4},"end":{"line":302,"column":16}},"129":{"start":{"line":317,"column":29},"end":{"line":335,"column":1}},"130":{"start":{"line":318,"column":2},"end":{"line":334,"column":3}},"131":{"start":{"line":319,"column":21},"end":{"line":319,"column":34}},"132":{"start":{"line":320,"column":19},"end":{"line":323,"column":5}},"133":{"start":{"line":325,"column":4},"end":{"line":330,"column":6}},"134":{"start":{"line":332,"column":4},"end":{"line":332,"column":52}},"135":{"start":{"line":333,"column":4},"end":{"line":333,"column":16}},"136":{"start":{"line":341,"column":30},"end":{"line":350,"column":1}},"137":{"start":{"line":342,"column":2},"end":{"line":349,"column":3}},"138":{"start":{"line":343,"column":21},"end":{"line":343,"column":34}},"139":{"start":{"line":344,"column":19},"end":{"line":344,"column":85}},"140":{"start":{"line":345,"column":4},"end":{"line":345,"column":18}},"141":{"start":{"line":347,"column":4},"end":{"line":347,"column":56}},"142":{"start":{"line":348,"column":4},"end":{"line":348,"column":16}},"143":{"start":{"line":357,"column":36},"end":{"line":369,"column":1}},"144":{"start":{"line":358,"column":2},"end":{"line":368,"column":3}},"145":{"start":{"line":359,"column":21},"end":{"line":359,"column":34}},"146":{"start":{"line":360,"column":19},"end":{"line":363,"column":5}},"147":{"start":{"line":364,"column":4},"end":{"line":364,"column":18}},"148":{"start":{"line":366,"column":4},"end":{"line":366,"column":64}},"149":{"start":{"line":367,"column":4},"end":{"line":367,"column":16}},"150":{"start":{"line":376,"column":30},"end":{"line":385,"column":1}},"151":{"start":{"line":377,"column":2},"end":{"line":384,"column":3}},"152":{"start":{"line":378,"column":21},"end":{"line":378,"column":34}},"153":{"start":{"line":379,"column":19},"end":{"line":379,"column":92}},"154":{"start":{"line":380,"column":4},"end":{"line":380,"column":26}},"155":{"start":{"line":382,"column":4},"end":{"line":382,"column":57}},"156":{"start":{"line":383,"column":4},"end":{"line":383,"column":16}},"157":{"start":{"line":395,"column":29},"end":{"line":429,"column":1}},"158":{"start":{"line":396,"column":2},"end":{"line":428,"column":3}},"159":{"start":{"line":397,"column":21},"end":{"line":397,"column":34}},"160":{"start":{"line":399,"column":20},"end":{"line":399,"column":22}},"161":{"start":{"line":400,"column":19},"end":{"line":400,"column":21}},"162":{"start":{"line":402,"column":4},"end":{"line":405,"column":5}},"163":{"start":{"line":403,"column":6},"end":{"line":403,"column":31}},"164":{"start":{"line":404,"column":6},"end":{"line":404,"column":24}},"165":{"start":{"line":406,"column":4},"end":{"line":409,"column":5}},"166":{"start":{"line":407,"column":6},"end":{"line":407,"column":35}},"167":{"start":{"line":408,"column":6},"end":{"line":408,"column":27}},"168":{"start":{"line":410,"column":4},"end":{"line":413,"column":5}},"169":{"start":{"line":411,"column":6},"end":{"line":411,"column":35}},"170":{"start":{"line":412,"column":6},"end":{"line":412,"column":27}},"171":{"start":{"line":415,"column":4},"end":{"line":417,"column":5}},"172":{"start":{"line":416,"column":6},"end":{"line":416,"column":45}},"173":{"start":{"line":419,"column":4},"end":{"line":419,"column":20}},"174":{"start":{"line":420,"column":18},"end":{"line":420,"column":74}},"175":{"start":{"line":422,"column":4},"end":{"line":422,"column":43}},"176":{"start":{"line":424,"column":4},"end":{"line":424,"column":36}},"177":{"start":{"line":426,"column":4},"end":{"line":426,"column":52}},"178":{"start":{"line":427,"column":4},"end":{"line":427,"column":16}},"179":{"start":{"line":436,"column":29},"end":{"line":445,"column":1}},"180":{"start":{"line":437,"column":2},"end":{"line":444,"column":3}},"181":{"start":{"line":438,"column":21},"end":{"line":438,"column":34}},"182":{"start":{"line":439,"column":4},"end":{"line":439,"column":71}},"183":{"start":{"line":440,"column":4},"end":{"line":440,"column":16}},"184":{"start":{"line":442,"column":4},"end":{"line":442,"column":52}},"185":{"start":{"line":443,"column":4},"end":{"line":443,"column":16}},"186":{"start":{"line":460,"column":30},"end":{"line":480,"column":1}},"187":{"start":{"line":461,"column":2},"end":{"line":479,"column":3}},"188":{"start":{"line":462,"column":21},"end":{"line":462,"column":34}},"189":{"start":{"line":463,"column":19},"end":{"line":466,"column":5}},"190":{"start":{"line":468,"column":4},"end":{"line":475,"column":6}},"191":{"start":{"line":477,"column":4},"end":{"line":477,"column":53}},"192":{"start":{"line":478,"column":4},"end":{"line":478,"column":16}},"193":{"start":{"line":486,"column":30},"end":{"line":495,"column":1}},"194":{"start":{"line":487,"column":2},"end":{"line":494,"column":3}},"195":{"start":{"line":488,"column":21},"end":{"line":488,"column":34}},"196":{"start":{"line":489,"column":19},"end":{"line":489,"column":90}},"197":{"start":{"line":490,"column":4},"end":{"line":490,"column":18}},"198":{"start":{"line":492,"column":4},"end":{"line":492,"column":56}},"199":{"start":{"line":493,"column":4},"end":{"line":493,"column":16}},"200":{"start":{"line":502,"column":38},"end":{"line":514,"column":1}},"201":{"start":{"line":503,"column":2},"end":{"line":513,"column":3}},"202":{"start":{"line":504,"column":21},"end":{"line":504,"column":34}},"203":{"start":{"line":505,"column":19},"end":{"line":508,"column":5}},"204":{"start":{"line":509,"column":4},"end":{"line":509,"column":18}},"205":{"start":{"line":511,"column":4},"end":{"line":511,"column":66}},"206":{"start":{"line":512,"column":4},"end":{"line":512,"column":16}},"207":{"start":{"line":521,"column":31},"end":{"line":530,"column":1}},"208":{"start":{"line":522,"column":2},"end":{"line":529,"column":3}},"209":{"start":{"line":523,"column":21},"end":{"line":523,"column":34}},"210":{"start":{"line":524,"column":19},"end":{"line":524,"column":92}},"211":{"start":{"line":525,"column":4},"end":{"line":525,"column":26}},"212":{"start":{"line":527,"column":4},"end":{"line":527,"column":58}},"213":{"start":{"line":528,"column":4},"end":{"line":528,"column":16}},"214":{"start":{"line":542,"column":30},"end":{"line":584,"column":1}},"215":{"start":{"line":543,"column":2},"end":{"line":583,"column":3}},"216":{"start":{"line":544,"column":21},"end":{"line":544,"column":34}},"217":{"start":{"line":546,"column":20},"end":{"line":546,"column":22}},"218":{"start":{"line":547,"column":19},"end":{"line":547,"column":21}},"219":{"start":{"line":549,"column":4},"end":{"line":552,"column":5}},"220":{"start":{"line":550,"column":6},"end":{"line":550,"column":37}},"221":{"start":{"line":551,"column":6},"end":{"line":551,"column":29}},"222":{"start":{"line":553,"column":4},"end":{"line":556,"column":5}},"223":{"start":{"line":554,"column":6},"end":{"line":554,"column":30}},"224":{"start":{"line":555,"column":6},"end":{"line":555,"column":23}},"225":{"start":{"line":557,"column":4},"end":{"line":560,"column":5}},"226":{"start":{"line":558,"column":6},"end":{"line":558,"column":31}},"227":{"start":{"line":559,"column":6},"end":{"line":559,"column":24}},"228":{"start":{"line":561,"column":4},"end":{"line":564,"column":5}},"229":{"start":{"line":562,"column":6},"end":{"line":562,"column":35}},"230":{"start":{"line":563,"column":6},"end":{"line":563,"column":27}},"231":{"start":{"line":565,"column":4},"end":{"line":568,"column":5}},"232":{"start":{"line":566,"column":6},"end":{"line":566,"column":34}},"233":{"start":{"line":567,"column":6},"end":{"line":567,"column":27}},"234":{"start":{"line":570,"column":4},"end":{"line":572,"column":5}},"235":{"start":{"line":571,"column":6},"end":{"line":571,"column":45}},"236":{"start":{"line":574,"column":4},"end":{"line":574,"column":20}},"237":{"start":{"line":575,"column":18},"end":{"line":575,"column":74}},"238":{"start":{"line":577,"column":4},"end":{"line":577,"column":43}},"239":{"start":{"line":579,"column":4},"end":{"line":579,"column":37}},"240":{"start":{"line":581,"column":4},"end":{"line":581,"column":53}},"241":{"start":{"line":582,"column":4},"end":{"line":582,"column":16}},"242":{"start":{"line":591,"column":30},"end":{"line":600,"column":1}},"243":{"start":{"line":592,"column":2},"end":{"line":599,"column":3}},"244":{"start":{"line":593,"column":21},"end":{"line":593,"column":34}},"245":{"start":{"line":594,"column":4},"end":{"line":594,"column":71}},"246":{"start":{"line":595,"column":4},"end":{"line":595,"column":16}},"247":{"start":{"line":597,"column":4},"end":{"line":597,"column":53}},"248":{"start":{"line":598,"column":4},"end":{"line":598,"column":16}},"249":{"start":{"line":621,"column":30},"end":{"line":646,"column":1}},"250":{"start":{"line":622,"column":2},"end":{"line":645,"column":3}},"251":{"start":{"line":623,"column":21},"end":{"line":623,"column":34}},"252":{"start":{"line":624,"column":22},"end":{"line":624,"column":46}},"253":{"start":{"line":626,"column":19},"end":{"line":629,"column":5}},"254":{"start":{"line":631,"column":4},"end":{"line":641,"column":6}},"255":{"start":{"line":643,"column":4},"end":{"line":643,"column":53}},"256":{"start":{"line":644,"column":4},"end":{"line":644,"column":16}},"257":{"start":{"line":652,"column":31},"end":{"line":661,"column":1}},"258":{"start":{"line":653,"column":2},"end":{"line":660,"column":3}},"259":{"start":{"line":654,"column":21},"end":{"line":654,"column":34}},"260":{"start":{"line":655,"column":19},"end":{"line":655,"column":97}},"261":{"start":{"line":656,"column":4},"end":{"line":656,"column":18}},"262":{"start":{"line":658,"column":4},"end":{"line":658,"column":57}},"263":{"start":{"line":659,"column":4},"end":{"line":659,"column":16}},"264":{"start":{"line":668,"column":37},"end":{"line":680,"column":1}},"265":{"start":{"line":669,"column":2},"end":{"line":679,"column":3}},"266":{"start":{"line":670,"column":21},"end":{"line":670,"column":34}},"267":{"start":{"line":671,"column":19},"end":{"line":674,"column":5}},"268":{"start":{"line":675,"column":4},"end":{"line":675,"column":18}},"269":{"start":{"line":677,"column":4},"end":{"line":677,"column":65}},"270":{"start":{"line":678,"column":4},"end":{"line":678,"column":16}},"271":{"start":{"line":687,"column":39},"end":{"line":699,"column":1}},"272":{"start":{"line":688,"column":2},"end":{"line":698,"column":3}},"273":{"start":{"line":689,"column":21},"end":{"line":689,"column":34}},"274":{"start":{"line":690,"column":19},"end":{"line":693,"column":5}},"275":{"start":{"line":694,"column":4},"end":{"line":694,"column":18}},"276":{"start":{"line":696,"column":4},"end":{"line":696,"column":67}},"277":{"start":{"line":697,"column":4},"end":{"line":697,"column":16}},"278":{"start":{"line":706,"column":31},"end":{"line":715,"column":1}},"279":{"start":{"line":707,"column":2},"end":{"line":714,"column":3}},"280":{"start":{"line":708,"column":21},"end":{"line":708,"column":34}},"281":{"start":{"line":709,"column":19},"end":{"line":709,"column":93}},"282":{"start":{"line":710,"column":4},"end":{"line":710,"column":26}},"283":{"start":{"line":712,"column":4},"end":{"line":712,"column":58}},"284":{"start":{"line":713,"column":4},"end":{"line":713,"column":16}},"285":{"start":{"line":729,"column":30},"end":{"line":779,"column":1}},"286":{"start":{"line":730,"column":2},"end":{"line":778,"column":3}},"287":{"start":{"line":731,"column":21},"end":{"line":731,"column":34}},"288":{"start":{"line":733,"column":20},"end":{"line":733,"column":22}},"289":{"start":{"line":734,"column":19},"end":{"line":734,"column":21}},"290":{"start":{"line":736,"column":4},"end":{"line":739,"column":5}},"291":{"start":{"line":737,"column":6},"end":{"line":737,"column":32}},"292":{"start":{"line":738,"column":6},"end":{"line":738,"column":25}},"293":{"start":{"line":740,"column":4},"end":{"line":743,"column":5}},"294":{"start":{"line":741,"column":6},"end":{"line":741,"column":31}},"295":{"start":{"line":742,"column":6},"end":{"line":742,"column":24}},"296":{"start":{"line":744,"column":4},"end":{"line":747,"column":5}},"297":{"start":{"line":745,"column":6},"end":{"line":745,"column":36}},"298":{"start":{"line":746,"column":6},"end":{"line":746,"column":28}},"299":{"start":{"line":748,"column":4},"end":{"line":751,"column":5}},"300":{"start":{"line":749,"column":6},"end":{"line":749,"column":30}},"301":{"start":{"line":750,"column":6},"end":{"line":750,"column":23}},"302":{"start":{"line":752,"column":4},"end":{"line":755,"column":5}},"303":{"start":{"line":753,"column":6},"end":{"line":753,"column":38}},"304":{"start":{"line":754,"column":6},"end":{"line":754,"column":31}},"305":{"start":{"line":756,"column":4},"end":{"line":759,"column":5}},"306":{"start":{"line":757,"column":6},"end":{"line":757,"column":35}},"307":{"start":{"line":758,"column":6},"end":{"line":758,"column":27}},"308":{"start":{"line":760,"column":4},"end":{"line":763,"column":5}},"309":{"start":{"line":761,"column":6},"end":{"line":761,"column":37}},"310":{"start":{"line":762,"column":6},"end":{"line":762,"column":29}},"311":{"start":{"line":765,"column":4},"end":{"line":767,"column":5}},"312":{"start":{"line":766,"column":6},"end":{"line":766,"column":45}},"313":{"start":{"line":769,"column":4},"end":{"line":769,"column":20}},"314":{"start":{"line":770,"column":18},"end":{"line":770,"column":75}},"315":{"start":{"line":772,"column":4},"end":{"line":772,"column":43}},"316":{"start":{"line":774,"column":4},"end":{"line":774,"column":37}},"317":{"start":{"line":776,"column":4},"end":{"line":776,"column":53}},"318":{"start":{"line":777,"column":4},"end":{"line":777,"column":16}},"319":{"start":{"line":786,"column":30},"end":{"line":809,"column":1}},"320":{"start":{"line":787,"column":2},"end":{"line":808,"column":3}},"321":{"start":{"line":788,"column":21},"end":{"line":788,"column":34}},"322":{"start":{"line":791,"column":21},"end":{"line":791,"column":46}},"323":{"start":{"line":792,"column":4},"end":{"line":801,"column":5}},"324":{"start":{"line":793,"column":6},"end":{"line":800,"column":7}},"325":{"start":{"line":794,"column":25},"end":{"line":794,"column":74}},"326":{"start":{"line":795,"column":8},"end":{"line":797,"column":9}},"327":{"start":{"line":796,"column":10},"end":{"line":796,"column":59}},"328":{"start":{"line":799,"column":8},"end":{"line":799,"column":58}},"329":{"start":{"line":803,"column":4},"end":{"line":803,"column":72}},"330":{"start":{"line":804,"column":4},"end":{"line":804,"column":16}},"331":{"start":{"line":806,"column":4},"end":{"line":806,"column":53}},"332":{"start":{"line":807,"column":4},"end":{"line":807,"column":16}},"333":{"start":{"line":819,"column":36},"end":{"line":843,"column":1}},"334":{"start":{"line":820,"column":2},"end":{"line":842,"column":3}},"335":{"start":{"line":821,"column":22},"end":{"line":821,"column":79}},"336":{"start":{"line":822,"column":19},"end":{"line":822,"column":74}},"337":{"start":{"line":823,"column":23},"end":{"line":823,"column":91}},"338":{"start":{"line":826,"column":19},"end":{"line":826,"column":56}},"339":{"start":{"line":827,"column":4},"end":{"line":829,"column":5}},"340":{"start":{"line":828,"column":6},"end":{"line":828,"column":46}},"341":{"start":{"line":832,"column":4},"end":{"line":835,"column":7}},"342":{"start":{"line":837,"column":4},"end":{"line":837,"column":48}},"343":{"start":{"line":838,"column":4},"end":{"line":838,"column":22}},"344":{"start":{"line":840,"column":4},"end":{"line":840,"column":55}},"345":{"start":{"line":841,"column":4},"end":{"line":841,"column":16}},"346":{"start":{"line":849,"column":36},"end":{"line":866,"column":1}},"347":{"start":{"line":850,"column":2},"end":{"line":865,"column":3}},"348":{"start":{"line":851,"column":23},"end":{"line":851,"column":51}},"349":{"start":{"line":854,"column":4},"end":{"line":859,"column":5}},"350":{"start":{"line":855,"column":6},"end":{"line":858,"column":9}},"351":{"start":{"line":861,"column":4},"end":{"line":861,"column":22}},"352":{"start":{"line":863,"column":4},"end":{"line":863,"column":58}},"353":{"start":{"line":864,"column":4},"end":{"line":864,"column":16}},"354":{"start":{"line":872,"column":35},"end":{"line":894,"column":1}},"355":{"start":{"line":873,"column":2},"end":{"line":893,"column":3}},"356":{"start":{"line":874,"column":18},"end":{"line":874,"column":83}},"357":{"start":{"line":876,"column":20},"end":{"line":887,"column":8}},"358":{"start":{"line":877,"column":22},"end":{"line":877,"column":85}},"359":{"start":{"line":879,"column":25},"end":{"line":879,"column":65}},"360":{"start":{"line":880,"column":21},"end":{"line":880,"column":60}},"361":{"start":{"line":881,"column":8},"end":{"line":886,"column":10}},"362":{"start":{"line":889,"column":4},"end":{"line":889,"column":38}},"363":{"start":{"line":891,"column":4},"end":{"line":891,"column":51}},"364":{"start":{"line":892,"column":4},"end":{"line":892,"column":16}},"365":{"start":{"line":901,"column":41},"end":{"line":934,"column":1}},"366":{"start":{"line":902,"column":2},"end":{"line":933,"column":3}},"367":{"start":{"line":903,"column":19},"end":{"line":903,"column":74}},"368":{"start":{"line":906,"column":23},"end":{"line":906,"column":64}},"369":{"start":{"line":907,"column":4},"end":{"line":909,"column":5}},"370":{"start":{"line":908,"column":6},"end":{"line":908,"column":52}},"371":{"start":{"line":912,"column":32},"end":{"line":912,"column":109}},"372":{"start":{"line":913,"column":26},"end":{"line":913,"column":63}},"373":{"start":{"line":914,"column":4},"end":{"line":920,"column":5}},"374":{"start":{"line":915,"column":6},"end":{"line":918,"column":9}},"375":{"start":{"line":919,"column":6},"end":{"line":919,"column":73}},"376":{"start":{"line":923,"column":4},"end":{"line":926,"column":7}},"377":{"start":{"line":928,"column":4},"end":{"line":928,"column":59}},"378":{"start":{"line":929,"column":4},"end":{"line":929,"column":16}},"379":{"start":{"line":931,"column":4},"end":{"line":931,"column":58}},"380":{"start":{"line":932,"column":4},"end":{"line":932,"column":16}},"381":{"start":{"line":941,"column":31},"end":{"line":961,"column":1}},"382":{"start":{"line":942,"column":2},"end":{"line":960,"column":3}},"383":{"start":{"line":943,"column":20},"end":{"line":943,"column":47}},"384":{"start":{"line":946,"column":4},"end":{"line":946,"column":68}},"385":{"start":{"line":946,"column":27},"end":{"line":946,"column":66}},"386":{"start":{"line":949,"column":21},"end":{"line":949,"column":45}},"387":{"start":{"line":951,"column":4},"end":{"line":954,"column":5}},"388":{"start":{"line":952,"column":6},"end":{"line":952,"column":48}},"389":{"start":{"line":953,"column":6},"end":{"line":953,"column":68}},"390":{"start":{"line":956,"column":4},"end":{"line":956,"column":27}},"391":{"start":{"line":958,"column":4},"end":{"line":958,"column":53}},"392":{"start":{"line":959,"column":4},"end":{"line":959,"column":16}},"393":{"start":{"line":967,"column":35},"end":{"line":997,"column":1}},"394":{"start":{"line":968,"column":2},"end":{"line":996,"column":3}},"395":{"start":{"line":969,"column":21},"end":{"line":969,"column":34}},"396":{"start":{"line":972,"column":20},"end":{"line":972,"column":71}},"397":{"start":{"line":973,"column":21},"end":{"line":973,"column":73}},"398":{"start":{"line":974,"column":21},"end":{"line":974,"column":73}},"399":{"start":{"line":975,"column":24},"end":{"line":975,"column":79}},"400":{"start":{"line":976,"column":21},"end":{"line":976,"column":73}},"401":{"start":{"line":977,"column":22},"end":{"line":977,"column":75}},"402":{"start":{"line":979,"column":23},"end":{"line":990,"column":5}},"403":{"start":{"line":992,"column":4},"end":{"line":992,"column":22}},"404":{"start":{"line":994,"column":4},"end":{"line":994,"column":56}},"405":{"start":{"line":995,"column":4},"end":{"line":995,"column":16}},"406":{"start":{"line":1003,"column":30},"end":{"line":1030,"column":1}},"407":{"start":{"line":1004,"column":2},"end":{"line":1029,"column":3}},"408":{"start":{"line":1005,"column":17},"end":{"line":1005,"column":44}},"409":{"start":{"line":1006,"column":22},"end":{"line":1006,"column":79}},"410":{"start":{"line":1007,"column":21},"end":{"line":1007,"column":91}},"411":{"start":{"line":1009,"column":4},"end":{"line":1013,"column":6}},"412":{"start":{"line":1015,"column":4},"end":{"line":1015,"column":58}},"413":{"start":{"line":1018,"column":4},"end":{"line":1023,"column":5}},"414":{"start":{"line":1019,"column":6},"end":{"line":1022,"column":9}},"415":{"start":{"line":1025,"column":4},"end":{"line":1025,"column":20}},"416":{"start":{"line":1027,"column":4},"end":{"line":1027,"column":55}},"417":{"start":{"line":1028,"column":4},"end":{"line":1028,"column":16}},"418":{"start":{"line":1037,"column":34},"end":{"line":1133,"column":1}},"419":{"start":{"line":1038,"column":2},"end":{"line":1132,"column":3}},"420":{"start":{"line":1039,"column":21},"end":{"line":1039,"column":34}},"421":{"start":{"line":1042,"column":24},"end":{"line":1044,"column":6}},"422":{"start":{"line":1046,"column":23},"end":{"line":1046,"column":46}},"423":{"start":{"line":1048,"column":4},"end":{"line":1050,"column":5}},"424":{"start":{"line":1049,"column":6},"end":{"line":1049,"column":49}},"425":{"start":{"line":1052,"column":18},"end":{"line":1059,"column":5}},"426":{"start":{"line":1062,"column":4},"end":{"line":1070,"column":5}},"427":{"start":{"line":1063,"column":6},"end":{"line":1069,"column":7}},"428":{"start":{"line":1064,"column":8},"end":{"line":1067,"column":10}},"429":{"start":{"line":1068,"column":8},"end":{"line":1068,"column":25}},"430":{"start":{"line":1073,"column":4},"end":{"line":1081,"column":5}},"431":{"start":{"line":1074,"column":6},"end":{"line":1080,"column":7}},"432":{"start":{"line":1075,"column":8},"end":{"line":1078,"column":10}},"433":{"start":{"line":1079,"column":8},"end":{"line":1079,"column":24}},"434":{"start":{"line":1084,"column":4},"end":{"line":1092,"column":5}},"435":{"start":{"line":1085,"column":6},"end":{"line":1091,"column":7}},"436":{"start":{"line":1086,"column":8},"end":{"line":1089,"column":10}},"437":{"start":{"line":1090,"column":8},"end":{"line":1090,"column":25}},"438":{"start":{"line":1095,"column":4},"end":{"line":1103,"column":5}},"439":{"start":{"line":1096,"column":6},"end":{"line":1102,"column":7}},"440":{"start":{"line":1097,"column":8},"end":{"line":1100,"column":10}},"441":{"start":{"line":1101,"column":8},"end":{"line":1101,"column":25}},"442":{"start":{"line":1106,"column":4},"end":{"line":1114,"column":5}},"443":{"start":{"line":1107,"column":6},"end":{"line":1113,"column":7}},"444":{"start":{"line":1108,"column":8},"end":{"line":1111,"column":10}},"445":{"start":{"line":1112,"column":8},"end":{"line":1112,"column":28}},"446":{"start":{"line":1117,"column":4},"end":{"line":1125,"column":5}},"447":{"start":{"line":1118,"column":6},"end":{"line":1124,"column":7}},"448":{"start":{"line":1119,"column":8},"end":{"line":1122,"column":10}},"449":{"start":{"line":1123,"column":8},"end":{"line":1123,"column":26}},"450":{"start":{"line":1127,"column":4},"end":{"line":1127,"column":57}},"451":{"start":{"line":1128,"column":4},"end":{"line":1128,"column":17}},"452":{"start":{"line":1130,"column":4},"end":{"line":1130,"column":56}},"453":{"start":{"line":1131,"column":4},"end":{"line":1131,"column":16}},"454":{"start":{"line":1144,"column":34},"end":{"line":1181,"column":1}},"455":{"start":{"line":1145,"column":2},"end":{"line":1180,"column":3}},"456":{"start":{"line":1146,"column":21},"end":{"line":1146,"column":34}},"457":{"start":{"line":1147,"column":16},"end":{"line":1147,"column":40}},"458":{"start":{"line":1149,"column":19},"end":{"line":1169,"column":5}},"459":{"start":{"line":1171,"column":4},"end":{"line":1176,"column":6}},"460":{"start":{"line":1178,"column":4},"end":{"line":1178,"column":59}},"461":{"start":{"line":1179,"column":4},"end":{"line":1179,"column":16}},"462":{"start":{"line":1187,"column":35},"end":{"line":1198,"column":1}},"463":{"start":{"line":1188,"column":2},"end":{"line":1197,"column":3}},"464":{"start":{"line":1189,"column":21},"end":{"line":1189,"column":34}},"465":{"start":{"line":1190,"column":19},"end":{"line":1192,"column":5}},"466":{"start":{"line":1193,"column":4},"end":{"line":1193,"column":18}},"467":{"start":{"line":1195,"column":4},"end":{"line":1195,"column":63}},"468":{"start":{"line":1196,"column":4},"end":{"line":1196,"column":16}},"469":{"start":{"line":1205,"column":43},"end":{"line":1217,"column":1}},"470":{"start":{"line":1206,"column":2},"end":{"line":1216,"column":3}},"471":{"start":{"line":1207,"column":21},"end":{"line":1207,"column":34}},"472":{"start":{"line":1208,"column":19},"end":{"line":1211,"column":5}},"473":{"start":{"line":1212,"column":4},"end":{"line":1212,"column":18}},"474":{"start":{"line":1214,"column":4},"end":{"line":1214,"column":73}},"475":{"start":{"line":1215,"column":4},"end":{"line":1215,"column":16}},"476":{"start":{"line":1224,"column":35},"end":{"line":1236,"column":1}},"477":{"start":{"line":1225,"column":2},"end":{"line":1235,"column":3}},"478":{"start":{"line":1226,"column":21},"end":{"line":1226,"column":34}},"479":{"start":{"line":1227,"column":19},"end":{"line":1230,"column":5}},"480":{"start":{"line":1231,"column":4},"end":{"line":1231,"column":26}},"481":{"start":{"line":1233,"column":4},"end":{"line":1233,"column":64}},"482":{"start":{"line":1234,"column":4},"end":{"line":1234,"column":16}},"483":{"start":{"line":1244,"column":34},"end":{"line":1280,"column":1}},"484":{"start":{"line":1245,"column":2},"end":{"line":1279,"column":3}},"485":{"start":{"line":1246,"column":21},"end":{"line":1246,"column":34}},"486":{"start":{"line":1247,"column":16},"end":{"line":1247,"column":40}},"487":{"start":{"line":1249,"column":20},"end":{"line":1249,"column":22}},"488":{"start":{"line":1250,"column":19},"end":{"line":1250,"column":21}},"489":{"start":{"line":1252,"column":19},"end":{"line":1255,"column":5}},"490":{"start":{"line":1257,"column":4},"end":{"line":1262,"column":7}},"491":{"start":{"line":1258,"column":6},"end":{"line":1261,"column":7}},"492":{"start":{"line":1259,"column":8},"end":{"line":1259,"column":37}},"493":{"start":{"line":1260,"column":8},"end":{"line":1260,"column":39}},"494":{"start":{"line":1264,"column":4},"end":{"line":1266,"column":5}},"495":{"start":{"line":1265,"column":6},"end":{"line":1265,"column":45}},"496":{"start":{"line":1268,"column":4},"end":{"line":1268,"column":35}},"497":{"start":{"line":1269,"column":4},"end":{"line":1269,"column":21}},"498":{"start":{"line":1270,"column":4},"end":{"line":1270,"column":20}},"499":{"start":{"line":1272,"column":18},"end":{"line":1272,"column":81}},"500":{"start":{"line":1273,"column":4},"end":{"line":1273,"column":43}},"501":{"start":{"line":1275,"column":4},"end":{"line":1275,"column":41}},"502":{"start":{"line":1277,"column":4},"end":{"line":1277,"column":59}},"503":{"start":{"line":1278,"column":4},"end":{"line":1278,"column":16}},"504":{"start":{"line":1287,"column":34},"end":{"line":1312,"column":1}},"505":{"start":{"line":1288,"column":2},"end":{"line":1311,"column":3}},"506":{"start":{"line":1289,"column":21},"end":{"line":1289,"column":34}},"507":{"start":{"line":1292,"column":19},"end":{"line":1292,"column":48}},"508":{"start":{"line":1295,"column":4},"end":{"line":1304,"column":5}},"509":{"start":{"line":1296,"column":6},"end":{"line":1303,"column":7}},"510":{"start":{"line":1297,"column":25},"end":{"line":1297,"column":71}},"511":{"start":{"line":1298,"column":8},"end":{"line":1300,"column":9}},"512":{"start":{"line":1299,"column":10},"end":{"line":1299,"column":56}},"513":{"start":{"line":1302,"column":8},"end":{"line":1302,"column":62}},"514":{"start":{"line":1306,"column":4},"end":{"line":1306,"column":78}},"515":{"start":{"line":1307,"column":4},"end":{"line":1307,"column":16}},"516":{"start":{"line":1309,"column":4},"end":{"line":1309,"column":59}},"517":{"start":{"line":1310,"column":4},"end":{"line":1310,"column":16}},"518":{"start":{"line":1322,"column":38},"end":{"line":1358,"column":1}},"519":{"start":{"line":1323,"column":2},"end":{"line":1357,"column":3}},"520":{"start":{"line":1324,"column":21},"end":{"line":1324,"column":34}},"521":{"start":{"line":1327,"column":25},"end":{"line":1327,"column":94}},"522":{"start":{"line":1328,"column":26},"end":{"line":1328,"column":96}},"523":{"start":{"line":1329,"column":27},"end":{"line":1329,"column":98}},"524":{"start":{"line":1330,"column":25},"end":{"line":1330,"column":102}},"525":{"start":{"line":1333,"column":29},"end":{"line":1335,"column":5}},"526":{"start":{"line":1338,"column":21},"end":{"line":1340,"column":5}},"527":{"start":{"line":1341,"column":21},"end":{"line":1343,"column":5}},"528":{"start":{"line":1345,"column":4},"end":{"line":1353,"column":6}},"529":{"start":{"line":1355,"column":4},"end":{"line":1355,"column":64}},"530":{"start":{"line":1356,"column":4},"end":{"line":1356,"column":16}},"531":{"start":{"line":1364,"column":34},"end":{"line":1390,"column":1}},"532":{"start":{"line":1365,"column":2},"end":{"line":1389,"column":3}},"533":{"start":{"line":1366,"column":21},"end":{"line":1366,"column":34}},"534":{"start":{"line":1368,"column":20},"end":{"line":1383,"column":6}},"535":{"start":{"line":1385,"column":4},"end":{"line":1385,"column":19}},"536":{"start":{"line":1387,"column":4},"end":{"line":1387,"column":60}},"537":{"start":{"line":1388,"column":4},"end":{"line":1388,"column":16}},"538":{"start":{"line":1396,"column":35},"end":{"line":1442,"column":1}},"539":{"start":{"line":1397,"column":2},"end":{"line":1441,"column":3}},"540":{"start":{"line":1398,"column":21},"end":{"line":1398,"column":34}},"541":{"start":{"line":1401,"column":28},"end":{"line":1414,"column":6}},"542":{"start":{"line":1417,"column":26},"end":{"line":1430,"column":6}},"543":{"start":{"line":1433,"column":23},"end":{"line":1435,"column":19}},"544":{"start":{"line":1434,"column":22},"end":{"line":1434,"column":57}},"545":{"start":{"line":1437,"column":4},"end":{"line":1437,"column":22}},"546":{"start":{"line":1439,"column":4},"end":{"line":1439,"column":61}},"547":{"start":{"line":1440,"column":4},"end":{"line":1440,"column":16}},"548":{"start":{"line":1448,"column":34},"end":{"line":1472,"column":1}},"549":{"start":{"line":1449,"column":2},"end":{"line":1471,"column":3}},"550":{"start":{"line":1450,"column":21},"end":{"line":1450,"column":34}},"551":{"start":{"line":1452,"column":25},"end":{"line":1465,"column":6}},"552":{"start":{"line":1467,"column":4},"end":{"line":1467,"column":24}},"553":{"start":{"line":1469,"column":4},"end":{"line":1469,"column":60}},"554":{"start":{"line":1470,"column":4},"end":{"line":1470,"column":16}},"555":{"start":{"line":1478,"column":38},"end":{"line":1496,"column":1}},"556":{"start":{"line":1479,"column":2},"end":{"line":1495,"column":3}},"557":{"start":{"line":1480,"column":21},"end":{"line":1480,"column":34}},"558":{"start":{"line":1482,"column":18},"end":{"line":1489,"column":6}},"559":{"start":{"line":1491,"column":4},"end":{"line":1491,"column":17}},"560":{"start":{"line":1493,"column":4},"end":{"line":1493,"column":64}},"561":{"start":{"line":1494,"column":4},"end":{"line":1494,"column":16}},"562":{"start":{"line":1502,"column":35},"end":{"line":1524,"column":1}},"563":{"start":{"line":1503,"column":2},"end":{"line":1523,"column":3}},"564":{"start":{"line":1504,"column":23},"end":{"line":1504,"column":53}},"565":{"start":{"line":1505,"column":23},"end":{"line":1505,"column":49}},"566":{"start":{"line":1506,"column":29},"end":{"line":1506,"column":56}},"567":{"start":{"line":1507,"column":28},"end":{"line":1507,"column":54}},"568":{"start":{"line":1508,"column":27},"end":{"line":1508,"column":57}},"569":{"start":{"line":1510,"column":26},"end":{"line":1517,"column":5}},"570":{"start":{"line":1519,"column":4},"end":{"line":1519,"column":50}},"571":{"start":{"line":1521,"column":4},"end":{"line":1521,"column":60}},"572":{"start":{"line":1522,"column":4},"end":{"line":1522,"column":16}}},"fnMap":{"0":{"name":"(anonymous_0)","decl":{"start":{"line":9,"column":28},"end":{"line":9,"column":29}},"loc":{"start":{"line":9,"column":40},"end":{"line":28,"column":1}},"line":9},"1":{"name":"(anonymous_1)","decl":{"start":{"line":31,"column":27},"end":{"line":31,"column":28}},"loc":{"start":{"line":31,"column":33},"end":{"line":36,"column":1}},"line":31},"2":{"name":"(anonymous_2)","decl":{"start":{"line":49,"column":27},"end":{"line":49,"column":28}},"loc":{"start":{"line":49,"column":79},"end":{"line":67,"column":1}},"line":49},"3":{"name":"(anonymous_3)","decl":{"start":{"line":73,"column":29},"end":{"line":73,"column":30}},"loc":{"start":{"line":73,"column":41},"end":{"line":82,"column":1}},"line":73},"4":{"name":"(anonymous_4)","decl":{"start":{"line":89,"column":28},"end":{"line":89,"column":29}},"loc":{"start":{"line":89,"column":42},"end":{"line":98,"column":1}},"line":89},"5":{"name":"(anonymous_5)","decl":{"start":{"line":108,"column":27},"end":{"line":108,"column":28}},"loc":{"start":{"line":108,"column":86},"end":{"line":144,"column":1}},"line":108},"6":{"name":"(anonymous_6)","decl":{"start":{"line":151,"column":27},"end":{"line":151,"column":28}},"loc":{"start":{"line":151,"column":41},"end":{"line":160,"column":1}},"line":151},"7":{"name":"(anonymous_7)","decl":{"start":{"line":166,"column":32},"end":{"line":166,"column":33}},"loc":{"start":{"line":166,"column":44},"end":{"line":175,"column":1}},"line":166},"8":{"name":"(anonymous_8)","decl":{"start":{"line":189,"column":29},"end":{"line":189,"column":30}},"loc":{"start":{"line":189,"column":94},"end":{"line":208,"column":1}},"line":189},"9":{"name":"(anonymous_9)","decl":{"start":{"line":214,"column":30},"end":{"line":214,"column":31}},"loc":{"start":{"line":214,"column":42},"end":{"line":223,"column":1}},"line":214},"10":{"name":"(anonymous_10)","decl":{"start":{"line":230,"column":30},"end":{"line":230,"column":31}},"loc":{"start":{"line":230,"column":44},"end":{"line":239,"column":1}},"line":230},"11":{"name":"(anonymous_11)","decl":{"start":{"line":250,"column":29},"end":{"line":250,"column":30}},"loc":{"start":{"line":250,"column":105},"end":{"line":288,"column":1}},"line":250},"12":{"name":"(anonymous_12)","decl":{"start":{"line":295,"column":29},"end":{"line":295,"column":30}},"loc":{"start":{"line":295,"column":43},"end":{"line":304,"column":1}},"line":295},"13":{"name":"(anonymous_13)","decl":{"start":{"line":317,"column":29},"end":{"line":317,"column":30}},"loc":{"start":{"line":317,"column":77},"end":{"line":335,"column":1}},"line":317},"14":{"name":"(anonymous_14)","decl":{"start":{"line":341,"column":30},"end":{"line":341,"column":31}},"loc":{"start":{"line":341,"column":42},"end":{"line":350,"column":1}},"line":341},"15":{"name":"(anonymous_15)","decl":{"start":{"line":357,"column":36},"end":{"line":357,"column":37}},"loc":{"start":{"line":357,"column":55},"end":{"line":369,"column":1}},"line":357},"16":{"name":"(anonymous_16)","decl":{"start":{"line":376,"column":30},"end":{"line":376,"column":31}},"loc":{"start":{"line":376,"column":44},"end":{"line":385,"column":1}},"line":376},"17":{"name":"(anonymous_17)","decl":{"start":{"line":395,"column":29},"end":{"line":395,"column":30}},"loc":{"start":{"line":395,"column":88},"end":{"line":429,"column":1}},"line":395},"18":{"name":"(anonymous_18)","decl":{"start":{"line":436,"column":29},"end":{"line":436,"column":30}},"loc":{"start":{"line":436,"column":43},"end":{"line":445,"column":1}},"line":436},"19":{"name":"(anonymous_19)","decl":{"start":{"line":460,"column":30},"end":{"line":460,"column":31}},"loc":{"start":{"line":460,"column":94},"end":{"line":480,"column":1}},"line":460},"20":{"name":"(anonymous_20)","decl":{"start":{"line":486,"column":30},"end":{"line":486,"column":31}},"loc":{"start":{"line":486,"column":42},"end":{"line":495,"column":1}},"line":486},"21":{"name":"(anonymous_21)","decl":{"start":{"line":502,"column":38},"end":{"line":502,"column":39}},"loc":{"start":{"line":502,"column":59},"end":{"line":514,"column":1}},"line":502},"22":{"name":"(anonymous_22)","decl":{"start":{"line":521,"column":31},"end":{"line":521,"column":32}},"loc":{"start":{"line":521,"column":45},"end":{"line":530,"column":1}},"line":521},"23":{"name":"(anonymous_23)","decl":{"start":{"line":542,"column":30},"end":{"line":542,"column":31}},"loc":{"start":{"line":542,"column":119},"end":{"line":584,"column":1}},"line":542},"24":{"name":"(anonymous_24)","decl":{"start":{"line":591,"column":30},"end":{"line":591,"column":31}},"loc":{"start":{"line":591,"column":44},"end":{"line":600,"column":1}},"line":591},"25":{"name":"(anonymous_25)","decl":{"start":{"line":621,"column":30},"end":{"line":621,"column":31}},"loc":{"start":{"line":621,"column":136},"end":{"line":646,"column":1}},"line":621},"26":{"name":"(anonymous_26)","decl":{"start":{"line":652,"column":31},"end":{"line":652,"column":32}},"loc":{"start":{"line":652,"column":43},"end":{"line":661,"column":1}},"line":652},"27":{"name":"(anonymous_27)","decl":{"start":{"line":668,"column":37},"end":{"line":668,"column":38}},"loc":{"start":{"line":668,"column":56},"end":{"line":680,"column":1}},"line":668},"28":{"name":"(anonymous_28)","decl":{"start":{"line":687,"column":39},"end":{"line":687,"column":40}},"loc":{"start":{"line":687,"column":60},"end":{"line":699,"column":1}},"line":687},"29":{"name":"(anonymous_29)","decl":{"start":{"line":706,"column":31},"end":{"line":706,"column":32}},"loc":{"start":{"line":706,"column":45},"end":{"line":715,"column":1}},"line":706},"30":{"name":"(anonymous_30)","decl":{"start":{"line":729,"column":30},"end":{"line":729,"column":31}},"loc":{"start":{"line":729,"column":154},"end":{"line":779,"column":1}},"line":729},"31":{"name":"(anonymous_31)","decl":{"start":{"line":786,"column":30},"end":{"line":786,"column":31}},"loc":{"start":{"line":786,"column":44},"end":{"line":809,"column":1}},"line":786},"32":{"name":"(anonymous_32)","decl":{"start":{"line":819,"column":36},"end":{"line":819,"column":37}},"loc":{"start":{"line":819,"column":48},"end":{"line":843,"column":1}},"line":819},"33":{"name":"(anonymous_33)","decl":{"start":{"line":849,"column":36},"end":{"line":849,"column":37}},"loc":{"start":{"line":849,"column":48},"end":{"line":866,"column":1}},"line":849},"34":{"name":"(anonymous_34)","decl":{"start":{"line":872,"column":35},"end":{"line":872,"column":36}},"loc":{"start":{"line":872,"column":47},"end":{"line":894,"column":1}},"line":872},"35":{"name":"(anonymous_35)","decl":{"start":{"line":877,"column":14},"end":{"line":877,"column":15}},"loc":{"start":{"line":877,"column":22},"end":{"line":877,"column":85}},"line":877},"36":{"name":"(anonymous_36)","decl":{"start":{"line":878,"column":11},"end":{"line":878,"column":12}},"loc":{"start":{"line":878,"column":27},"end":{"line":887,"column":7}},"line":878},"37":{"name":"(anonymous_37)","decl":{"start":{"line":901,"column":41},"end":{"line":901,"column":42}},"loc":{"start":{"line":901,"column":63},"end":{"line":934,"column":1}},"line":901},"38":{"name":"(anonymous_38)","decl":{"start":{"line":941,"column":31},"end":{"line":941,"column":32}},"loc":{"start":{"line":941,"column":56},"end":{"line":961,"column":1}},"line":941},"39":{"name":"(anonymous_39)","decl":{"start":{"line":946,"column":17},"end":{"line":946,"column":18}},"loc":{"start":{"line":946,"column":27},"end":{"line":946,"column":66}},"line":946},"40":{"name":"(anonymous_40)","decl":{"start":{"line":967,"column":35},"end":{"line":967,"column":36}},"loc":{"start":{"line":967,"column":47},"end":{"line":997,"column":1}},"line":967},"41":{"name":"(anonymous_41)","decl":{"start":{"line":1003,"column":30},"end":{"line":1003,"column":31}},"loc":{"start":{"line":1003,"column":42},"end":{"line":1030,"column":1}},"line":1003},"42":{"name":"(anonymous_42)","decl":{"start":{"line":1037,"column":34},"end":{"line":1037,"column":35}},"loc":{"start":{"line":1037,"column":54},"end":{"line":1133,"column":1}},"line":1037},"43":{"name":"(anonymous_43)","decl":{"start":{"line":1144,"column":34},"end":{"line":1144,"column":35}},"loc":{"start":{"line":1144,"column":56},"end":{"line":1181,"column":1}},"line":1144},"44":{"name":"(anonymous_44)","decl":{"start":{"line":1187,"column":35},"end":{"line":1187,"column":36}},"loc":{"start":{"line":1187,"column":47},"end":{"line":1198,"column":1}},"line":1187},"45":{"name":"(anonymous_45)","decl":{"start":{"line":1205,"column":43},"end":{"line":1205,"column":44}},"loc":{"start":{"line":1205,"column":64},"end":{"line":1217,"column":1}},"line":1205},"46":{"name":"(anonymous_46)","decl":{"start":{"line":1224,"column":35},"end":{"line":1224,"column":36}},"loc":{"start":{"line":1224,"column":49},"end":{"line":1236,"column":1}},"line":1224},"47":{"name":"(anonymous_47)","decl":{"start":{"line":1244,"column":34},"end":{"line":1244,"column":35}},"loc":{"start":{"line":1244,"column":60},"end":{"line":1280,"column":1}},"line":1244},"48":{"name":"(anonymous_48)","decl":{"start":{"line":1257,"column":19},"end":{"line":1257,"column":20}},"loc":{"start":{"line":1257,"column":28},"end":{"line":1262,"column":5}},"line":1257},"49":{"name":"(anonymous_49)","decl":{"start":{"line":1287,"column":34},"end":{"line":1287,"column":35}},"loc":{"start":{"line":1287,"column":48},"end":{"line":1312,"column":1}},"line":1287},"50":{"name":"(anonymous_50)","decl":{"start":{"line":1322,"column":38},"end":{"line":1322,"column":39}},"loc":{"start":{"line":1322,"column":50},"end":{"line":1358,"column":1}},"line":1322},"51":{"name":"(anonymous_51)","decl":{"start":{"line":1364,"column":34},"end":{"line":1364,"column":35}},"loc":{"start":{"line":1364,"column":46},"end":{"line":1390,"column":1}},"line":1364},"52":{"name":"(anonymous_52)","decl":{"start":{"line":1396,"column":35},"end":{"line":1396,"column":36}},"loc":{"start":{"line":1396,"column":47},"end":{"line":1442,"column":1}},"line":1396},"53":{"name":"(anonymous_53)","decl":{"start":{"line":1434,"column":12},"end":{"line":1434,"column":13}},"loc":{"start":{"line":1434,"column":22},"end":{"line":1434,"column":57}},"line":1434},"54":{"name":"(anonymous_54)","decl":{"start":{"line":1448,"column":34},"end":{"line":1448,"column":35}},"loc":{"start":{"line":1448,"column":46},"end":{"line":1472,"column":1}},"line":1448},"55":{"name":"(anonymous_55)","decl":{"start":{"line":1478,"column":38},"end":{"line":1478,"column":39}},"loc":{"start":{"line":1478,"column":50},"end":{"line":1496,"column":1}},"line":1478},"56":{"name":"(anonymous_56)","decl":{"start":{"line":1502,"column":35},"end":{"line":1502,"column":36}},"loc":{"start":{"line":1502,"column":47},"end":{"line":1524,"column":1}},"line":1502}},"branchMap":{"0":{"loc":{"start":{"line":32,"column":2},"end":{"line":34,"column":3}},"type":"if","locations":[{"start":{"line":32,"column":2},"end":{"line":34,"column":3}},{"start":{},"end":{}}],"line":32},"1":{"loc":{"start":{"line":49,"column":40},"end":{"line":49,"column":56}},"type":"default-arg","locations":[{"start":{"line":49,"column":52},"end":{"line":49,"column":56}}],"line":49},"2":{"loc":{"start":{"line":49,"column":58},"end":{"line":49,"column":74}},"type":"default-arg","locations":[{"start":{"line":49,"column":73},"end":{"line":49,"column":74}}],"line":49},"3":{"loc":{"start":{"line":93,"column":11},"end":{"line":93,"column":25}},"type":"binary-expr","locations":[{"start":{"line":93,"column":11},"end":{"line":93,"column":17}},{"start":{"line":93,"column":21},"end":{"line":93,"column":25}}],"line":93},"4":{"loc":{"start":{"line":108,"column":44},"end":{"line":108,"column":60}},"type":"default-arg","locations":[{"start":{"line":108,"column":56},"end":{"line":108,"column":60}}],"line":108},"5":{"loc":{"start":{"line":108,"column":62},"end":{"line":108,"column":81}},"type":"default-arg","locations":[{"start":{"line":108,"column":77},"end":{"line":108,"column":81}}],"line":108},"6":{"loc":{"start":{"line":116,"column":4},"end":{"line":119,"column":5}},"type":"if","locations":[{"start":{"line":116,"column":4},"end":{"line":119,"column":5}},{"start":{},"end":{}}],"line":116},"7":{"loc":{"start":{"line":116,"column":8},"end":{"line":116,"column":43}},"type":"binary-expr","locations":[{"start":{"line":116,"column":8},"end":{"line":116,"column":26}},{"start":{"line":116,"column":30},"end":{"line":116,"column":43}}],"line":116},"8":{"loc":{"start":{"line":120,"column":4},"end":{"line":123,"column":5}},"type":"if","locations":[{"start":{"line":120,"column":4},"end":{"line":123,"column":5}},{"start":{},"end":{}}],"line":120},"9":{"loc":{"start":{"line":120,"column":8},"end":{"line":120,"column":53}},"type":"binary-expr","locations":[{"start":{"line":120,"column":8},"end":{"line":120,"column":31}},{"start":{"line":120,"column":35},"end":{"line":120,"column":53}}],"line":120},"10":{"loc":{"start":{"line":124,"column":4},"end":{"line":127,"column":5}},"type":"if","locations":[{"start":{"line":124,"column":4},"end":{"line":127,"column":5}},{"start":{},"end":{}}],"line":124},"11":{"loc":{"start":{"line":124,"column":8},"end":{"line":124,"column":59}},"type":"binary-expr","locations":[{"start":{"line":124,"column":8},"end":{"line":124,"column":34}},{"start":{"line":124,"column":38},"end":{"line":124,"column":59}}],"line":124},"12":{"loc":{"start":{"line":129,"column":4},"end":{"line":131,"column":5}},"type":"if","locations":[{"start":{"line":129,"column":4},"end":{"line":131,"column":5}},{"start":{},"end":{}}],"line":129},"13":{"loc":{"start":{"line":189,"column":42},"end":{"line":189,"column":55}},"type":"default-arg","locations":[{"start":{"line":189,"column":51},"end":{"line":189,"column":55}}],"line":189},"14":{"loc":{"start":{"line":189,"column":57},"end":{"line":189,"column":72}},"type":"default-arg","locations":[{"start":{"line":189,"column":68},"end":{"line":189,"column":72}}],"line":189},"15":{"loc":{"start":{"line":189,"column":74},"end":{"line":189,"column":89}},"type":"default-arg","locations":[{"start":{"line":189,"column":85},"end":{"line":189,"column":89}}],"line":189},"16":{"loc":{"start":{"line":234,"column":11},"end":{"line":234,"column":25}},"type":"binary-expr","locations":[{"start":{"line":234,"column":11},"end":{"line":234,"column":17}},{"start":{"line":234,"column":21},"end":{"line":234,"column":25}}],"line":234},"17":{"loc":{"start":{"line":250,"column":40},"end":{"line":250,"column":51}},"type":"default-arg","locations":[{"start":{"line":250,"column":47},"end":{"line":250,"column":51}}],"line":250},"18":{"loc":{"start":{"line":250,"column":53},"end":{"line":250,"column":66}},"type":"default-arg","locations":[{"start":{"line":250,"column":62},"end":{"line":250,"column":66}}],"line":250},"19":{"loc":{"start":{"line":250,"column":68},"end":{"line":250,"column":83}},"type":"default-arg","locations":[{"start":{"line":250,"column":79},"end":{"line":250,"column":83}}],"line":250},"20":{"loc":{"start":{"line":250,"column":85},"end":{"line":250,"column":100}},"type":"default-arg","locations":[{"start":{"line":250,"column":96},"end":{"line":250,"column":100}}],"line":250},"21":{"loc":{"start":{"line":257,"column":4},"end":{"line":260,"column":5}},"type":"if","locations":[{"start":{"line":257,"column":4},"end":{"line":260,"column":5}},{"start":{},"end":{}}],"line":257},"22":{"loc":{"start":{"line":257,"column":8},"end":{"line":257,"column":43}},"type":"binary-expr","locations":[{"start":{"line":257,"column":8},"end":{"line":257,"column":26}},{"start":{"line":257,"column":30},"end":{"line":257,"column":43}}],"line":257},"23":{"loc":{"start":{"line":261,"column":4},"end":{"line":264,"column":5}},"type":"if","locations":[{"start":{"line":261,"column":4},"end":{"line":264,"column":5}},{"start":{},"end":{}}],"line":261},"24":{"loc":{"start":{"line":261,"column":8},"end":{"line":261,"column":47}},"type":"binary-expr","locations":[{"start":{"line":261,"column":8},"end":{"line":261,"column":28}},{"start":{"line":261,"column":32},"end":{"line":261,"column":47}}],"line":261},"25":{"loc":{"start":{"line":265,"column":4},"end":{"line":268,"column":5}},"type":"if","locations":[{"start":{"line":265,"column":4},"end":{"line":268,"column":5}},{"start":{},"end":{}}],"line":265},"26":{"loc":{"start":{"line":265,"column":8},"end":{"line":265,"column":51}},"type":"binary-expr","locations":[{"start":{"line":265,"column":8},"end":{"line":265,"column":30}},{"start":{"line":265,"column":34},"end":{"line":265,"column":51}}],"line":265},"27":{"loc":{"start":{"line":269,"column":4},"end":{"line":272,"column":5}},"type":"if","locations":[{"start":{"line":269,"column":4},"end":{"line":272,"column":5}},{"start":{},"end":{}}],"line":269},"28":{"loc":{"start":{"line":269,"column":8},"end":{"line":269,"column":51}},"type":"binary-expr","locations":[{"start":{"line":269,"column":8},"end":{"line":269,"column":30}},{"start":{"line":269,"column":34},"end":{"line":269,"column":51}}],"line":269},"29":{"loc":{"start":{"line":274,"column":4},"end":{"line":276,"column":5}},"type":"if","locations":[{"start":{"line":274,"column":4},"end":{"line":276,"column":5}},{"start":{},"end":{}}],"line":274},"30":{"loc":{"start":{"line":317,"column":42},"end":{"line":317,"column":56}},"type":"default-arg","locations":[{"start":{"line":317,"column":52},"end":{"line":317,"column":56}}],"line":317},"31":{"loc":{"start":{"line":317,"column":58},"end":{"line":317,"column":72}},"type":"default-arg","locations":[{"start":{"line":317,"column":68},"end":{"line":317,"column":72}}],"line":317},"32":{"loc":{"start":{"line":380,"column":11},"end":{"line":380,"column":25}},"type":"binary-expr","locations":[{"start":{"line":380,"column":11},"end":{"line":380,"column":17}},{"start":{"line":380,"column":21},"end":{"line":380,"column":25}}],"line":380},"33":{"loc":{"start":{"line":395,"column":40},"end":{"line":395,"column":51}},"type":"default-arg","locations":[{"start":{"line":395,"column":47},"end":{"line":395,"column":51}}],"line":395},"34":{"loc":{"start":{"line":395,"column":53},"end":{"line":395,"column":67}},"type":"default-arg","locations":[{"start":{"line":395,"column":63},"end":{"line":395,"column":67}}],"line":395},"35":{"loc":{"start":{"line":395,"column":69},"end":{"line":395,"column":83}},"type":"default-arg","locations":[{"start":{"line":395,"column":79},"end":{"line":395,"column":83}}],"line":395},"36":{"loc":{"start":{"line":402,"column":4},"end":{"line":405,"column":5}},"type":"if","locations":[{"start":{"line":402,"column":4},"end":{"line":405,"column":5}},{"start":{},"end":{}}],"line":402},"37":{"loc":{"start":{"line":402,"column":8},"end":{"line":402,"column":43}},"type":"binary-expr","locations":[{"start":{"line":402,"column":8},"end":{"line":402,"column":26}},{"start":{"line":402,"column":30},"end":{"line":402,"column":43}}],"line":402},"38":{"loc":{"start":{"line":406,"column":4},"end":{"line":409,"column":5}},"type":"if","locations":[{"start":{"line":406,"column":4},"end":{"line":409,"column":5}},{"start":{},"end":{}}],"line":406},"39":{"loc":{"start":{"line":406,"column":8},"end":{"line":406,"column":49}},"type":"binary-expr","locations":[{"start":{"line":406,"column":8},"end":{"line":406,"column":29}},{"start":{"line":406,"column":33},"end":{"line":406,"column":49}}],"line":406},"40":{"loc":{"start":{"line":410,"column":4},"end":{"line":413,"column":5}},"type":"if","locations":[{"start":{"line":410,"column":4},"end":{"line":413,"column":5}},{"start":{},"end":{}}],"line":410},"41":{"loc":{"start":{"line":410,"column":8},"end":{"line":410,"column":49}},"type":"binary-expr","locations":[{"start":{"line":410,"column":8},"end":{"line":410,"column":29}},{"start":{"line":410,"column":33},"end":{"line":410,"column":49}}],"line":410},"42":{"loc":{"start":{"line":415,"column":4},"end":{"line":417,"column":5}},"type":"if","locations":[{"start":{"line":415,"column":4},"end":{"line":417,"column":5}},{"start":{},"end":{}}],"line":415},"43":{"loc":{"start":{"line":460,"column":59},"end":{"line":460,"column":73}},"type":"default-arg","locations":[{"start":{"line":460,"column":69},"end":{"line":460,"column":73}}],"line":460},"44":{"loc":{"start":{"line":460,"column":75},"end":{"line":460,"column":89}},"type":"default-arg","locations":[{"start":{"line":460,"column":85},"end":{"line":460,"column":89}}],"line":460},"45":{"loc":{"start":{"line":525,"column":11},"end":{"line":525,"column":25}},"type":"binary-expr","locations":[{"start":{"line":525,"column":11},"end":{"line":525,"column":17}},{"start":{"line":525,"column":21},"end":{"line":525,"column":25}}],"line":525},"46":{"loc":{"start":{"line":542,"column":41},"end":{"line":542,"column":57}},"type":"default-arg","locations":[{"start":{"line":542,"column":53},"end":{"line":542,"column":57}}],"line":542},"47":{"loc":{"start":{"line":542,"column":59},"end":{"line":542,"column":69}},"type":"default-arg","locations":[{"start":{"line":542,"column":65},"end":{"line":542,"column":69}}],"line":542},"48":{"loc":{"start":{"line":542,"column":71},"end":{"line":542,"column":82}},"type":"default-arg","locations":[{"start":{"line":542,"column":78},"end":{"line":542,"column":82}}],"line":542},"49":{"loc":{"start":{"line":542,"column":84},"end":{"line":542,"column":98}},"type":"default-arg","locations":[{"start":{"line":542,"column":94},"end":{"line":542,"column":98}}],"line":542},"50":{"loc":{"start":{"line":542,"column":100},"end":{"line":542,"column":114}},"type":"default-arg","locations":[{"start":{"line":542,"column":110},"end":{"line":542,"column":114}}],"line":542},"51":{"loc":{"start":{"line":549,"column":4},"end":{"line":552,"column":5}},"type":"if","locations":[{"start":{"line":549,"column":4},"end":{"line":552,"column":5}},{"start":{},"end":{}}],"line":549},"52":{"loc":{"start":{"line":549,"column":8},"end":{"line":549,"column":53}},"type":"binary-expr","locations":[{"start":{"line":549,"column":8},"end":{"line":549,"column":31}},{"start":{"line":549,"column":35},"end":{"line":549,"column":53}}],"line":549},"53":{"loc":{"start":{"line":553,"column":4},"end":{"line":556,"column":5}},"type":"if","locations":[{"start":{"line":553,"column":4},"end":{"line":556,"column":5}},{"start":{},"end":{}}],"line":553},"54":{"loc":{"start":{"line":553,"column":8},"end":{"line":553,"column":41}},"type":"binary-expr","locations":[{"start":{"line":553,"column":8},"end":{"line":553,"column":25}},{"start":{"line":553,"column":29},"end":{"line":553,"column":41}}],"line":553},"55":{"loc":{"start":{"line":557,"column":4},"end":{"line":560,"column":5}},"type":"if","locations":[{"start":{"line":557,"column":4},"end":{"line":560,"column":5}},{"start":{},"end":{}}],"line":557},"56":{"loc":{"start":{"line":557,"column":8},"end":{"line":557,"column":43}},"type":"binary-expr","locations":[{"start":{"line":557,"column":8},"end":{"line":557,"column":26}},{"start":{"line":557,"column":30},"end":{"line":557,"column":43}}],"line":557},"57":{"loc":{"start":{"line":561,"column":4},"end":{"line":564,"column":5}},"type":"if","locations":[{"start":{"line":561,"column":4},"end":{"line":564,"column":5}},{"start":{},"end":{}}],"line":561},"58":{"loc":{"start":{"line":561,"column":8},"end":{"line":561,"column":49}},"type":"binary-expr","locations":[{"start":{"line":561,"column":8},"end":{"line":561,"column":29}},{"start":{"line":561,"column":33},"end":{"line":561,"column":49}}],"line":561},"59":{"loc":{"start":{"line":565,"column":4},"end":{"line":568,"column":5}},"type":"if","locations":[{"start":{"line":565,"column":4},"end":{"line":568,"column":5}},{"start":{},"end":{}}],"line":565},"60":{"loc":{"start":{"line":565,"column":8},"end":{"line":565,"column":49}},"type":"binary-expr","locations":[{"start":{"line":565,"column":8},"end":{"line":565,"column":29}},{"start":{"line":565,"column":33},"end":{"line":565,"column":49}}],"line":565},"61":{"loc":{"start":{"line":570,"column":4},"end":{"line":572,"column":5}},"type":"if","locations":[{"start":{"line":570,"column":4},"end":{"line":572,"column":5}},{"start":{},"end":{}}],"line":570},"62":{"loc":{"start":{"line":621,"column":50},"end":{"line":621,"column":65}},"type":"default-arg","locations":[{"start":{"line":621,"column":61},"end":{"line":621,"column":65}}],"line":621},"63":{"loc":{"start":{"line":621,"column":67},"end":{"line":621,"column":77}},"type":"default-arg","locations":[{"start":{"line":621,"column":73},"end":{"line":621,"column":77}}],"line":621},"64":{"loc":{"start":{"line":621,"column":79},"end":{"line":621,"column":97}},"type":"default-arg","locations":[{"start":{"line":621,"column":93},"end":{"line":621,"column":97}}],"line":621},"65":{"loc":{"start":{"line":621,"column":99},"end":{"line":621,"column":113}},"type":"default-arg","locations":[{"start":{"line":621,"column":109},"end":{"line":621,"column":113}}],"line":621},"66":{"loc":{"start":{"line":621,"column":115},"end":{"line":621,"column":131}},"type":"default-arg","locations":[{"start":{"line":621,"column":127},"end":{"line":621,"column":131}}],"line":621},"67":{"loc":{"start":{"line":710,"column":11},"end":{"line":710,"column":25}},"type":"binary-expr","locations":[{"start":{"line":710,"column":11},"end":{"line":710,"column":17}},{"start":{"line":710,"column":21},"end":{"line":710,"column":25}}],"line":710},"68":{"loc":{"start":{"line":729,"column":41},"end":{"line":729,"column":53}},"type":"default-arg","locations":[{"start":{"line":729,"column":49},"end":{"line":729,"column":53}}],"line":729},"69":{"loc":{"start":{"line":729,"column":55},"end":{"line":729,"column":66}},"type":"default-arg","locations":[{"start":{"line":729,"column":62},"end":{"line":729,"column":66}}],"line":729},"70":{"loc":{"start":{"line":729,"column":68},"end":{"line":729,"column":83}},"type":"default-arg","locations":[{"start":{"line":729,"column":79},"end":{"line":729,"column":83}}],"line":729},"71":{"loc":{"start":{"line":729,"column":85},"end":{"line":729,"column":95}},"type":"default-arg","locations":[{"start":{"line":729,"column":91},"end":{"line":729,"column":95}}],"line":729},"72":{"loc":{"start":{"line":729,"column":97},"end":{"line":729,"column":115}},"type":"default-arg","locations":[{"start":{"line":729,"column":111},"end":{"line":729,"column":115}}],"line":729},"73":{"loc":{"start":{"line":729,"column":117},"end":{"line":729,"column":131}},"type":"default-arg","locations":[{"start":{"line":729,"column":127},"end":{"line":729,"column":131}}],"line":729},"74":{"loc":{"start":{"line":729,"column":133},"end":{"line":729,"column":149}},"type":"default-arg","locations":[{"start":{"line":729,"column":145},"end":{"line":729,"column":149}}],"line":729},"75":{"loc":{"start":{"line":736,"column":4},"end":{"line":739,"column":5}},"type":"if","locations":[{"start":{"line":736,"column":4},"end":{"line":739,"column":5}},{"start":{},"end":{}}],"line":736},"76":{"loc":{"start":{"line":736,"column":8},"end":{"line":736,"column":45}},"type":"binary-expr","locations":[{"start":{"line":736,"column":8},"end":{"line":736,"column":27}},{"start":{"line":736,"column":31},"end":{"line":736,"column":45}}],"line":736},"77":{"loc":{"start":{"line":740,"column":4},"end":{"line":743,"column":5}},"type":"if","locations":[{"start":{"line":740,"column":4},"end":{"line":743,"column":5}},{"start":{},"end":{}}],"line":740},"78":{"loc":{"start":{"line":740,"column":8},"end":{"line":740,"column":43}},"type":"binary-expr","locations":[{"start":{"line":740,"column":8},"end":{"line":740,"column":26}},{"start":{"line":740,"column":30},"end":{"line":740,"column":43}}],"line":740},"79":{"loc":{"start":{"line":744,"column":4},"end":{"line":747,"column":5}},"type":"if","locations":[{"start":{"line":744,"column":4},"end":{"line":747,"column":5}},{"start":{},"end":{}}],"line":744},"80":{"loc":{"start":{"line":744,"column":8},"end":{"line":744,"column":51}},"type":"binary-expr","locations":[{"start":{"line":744,"column":8},"end":{"line":744,"column":30}},{"start":{"line":744,"column":34},"end":{"line":744,"column":51}}],"line":744},"81":{"loc":{"start":{"line":748,"column":4},"end":{"line":751,"column":5}},"type":"if","locations":[{"start":{"line":748,"column":4},"end":{"line":751,"column":5}},{"start":{},"end":{}}],"line":748},"82":{"loc":{"start":{"line":748,"column":8},"end":{"line":748,"column":41}},"type":"binary-expr","locations":[{"start":{"line":748,"column":8},"end":{"line":748,"column":25}},{"start":{"line":748,"column":29},"end":{"line":748,"column":41}}],"line":748},"83":{"loc":{"start":{"line":752,"column":4},"end":{"line":755,"column":5}},"type":"if","locations":[{"start":{"line":752,"column":4},"end":{"line":755,"column":5}},{"start":{},"end":{}}],"line":752},"84":{"loc":{"start":{"line":752,"column":8},"end":{"line":752,"column":57}},"type":"binary-expr","locations":[{"start":{"line":752,"column":8},"end":{"line":752,"column":33}},{"start":{"line":752,"column":37},"end":{"line":752,"column":57}}],"line":752},"85":{"loc":{"start":{"line":756,"column":4},"end":{"line":759,"column":5}},"type":"if","locations":[{"start":{"line":756,"column":4},"end":{"line":759,"column":5}},{"start":{},"end":{}}],"line":756},"86":{"loc":{"start":{"line":756,"column":8},"end":{"line":756,"column":49}},"type":"binary-expr","locations":[{"start":{"line":756,"column":8},"end":{"line":756,"column":29}},{"start":{"line":756,"column":33},"end":{"line":756,"column":49}}],"line":756},"87":{"loc":{"start":{"line":760,"column":4},"end":{"line":763,"column":5}},"type":"if","locations":[{"start":{"line":760,"column":4},"end":{"line":763,"column":5}},{"start":{},"end":{}}],"line":760},"88":{"loc":{"start":{"line":760,"column":8},"end":{"line":760,"column":53}},"type":"binary-expr","locations":[{"start":{"line":760,"column":8},"end":{"line":760,"column":31}},{"start":{"line":760,"column":35},"end":{"line":760,"column":53}}],"line":760},"89":{"loc":{"start":{"line":765,"column":4},"end":{"line":767,"column":5}},"type":"if","locations":[{"start":{"line":765,"column":4},"end":{"line":767,"column":5}},{"start":{},"end":{}}],"line":765},"90":{"loc":{"start":{"line":792,"column":4},"end":{"line":801,"column":5}},"type":"if","locations":[{"start":{"line":792,"column":4},"end":{"line":801,"column":5}},{"start":{},"end":{}}],"line":792},"91":{"loc":{"start":{"line":792,"column":8},"end":{"line":792,"column":38}},"type":"binary-expr","locations":[{"start":{"line":792,"column":8},"end":{"line":792,"column":16}},{"start":{"line":792,"column":20},"end":{"line":792,"column":38}}],"line":792},"92":{"loc":{"start":{"line":795,"column":8},"end":{"line":797,"column":9}},"type":"if","locations":[{"start":{"line":795,"column":8},"end":{"line":797,"column":9}},{"start":{},"end":{}}],"line":795},"93":{"loc":{"start":{"line":827,"column":4},"end":{"line":829,"column":5}},"type":"if","locations":[{"start":{"line":827,"column":4},"end":{"line":829,"column":5}},{"start":{},"end":{}}],"line":827},"94":{"loc":{"start":{"line":854,"column":4},"end":{"line":859,"column":5}},"type":"if","locations":[{"start":{"line":854,"column":4},"end":{"line":859,"column":5}},{"start":{},"end":{}}],"line":854},"95":{"loc":{"start":{"line":877,"column":22},"end":{"line":877,"column":85}},"type":"binary-expr","locations":[{"start":{"line":877,"column":22},"end":{"line":877,"column":61}},{"start":{"line":877,"column":65},"end":{"line":877,"column":85}}],"line":877},"96":{"loc":{"start":{"line":907,"column":4},"end":{"line":909,"column":5}},"type":"if","locations":[{"start":{"line":907,"column":4},"end":{"line":909,"column":5}},{"start":{},"end":{}}],"line":907},"97":{"loc":{"start":{"line":914,"column":4},"end":{"line":920,"column":5}},"type":"if","locations":[{"start":{"line":914,"column":4},"end":{"line":920,"column":5}},{"start":{},"end":{}}],"line":914},"98":{"loc":{"start":{"line":941,"column":38},"end":{"line":941,"column":51}},"type":"default-arg","locations":[{"start":{"line":941,"column":50},"end":{"line":941,"column":51}}],"line":941},"99":{"loc":{"start":{"line":1018,"column":4},"end":{"line":1023,"column":5}},"type":"if","locations":[{"start":{"line":1018,"column":4},"end":{"line":1023,"column":5}},{"start":{},"end":{}}],"line":1018},"100":{"loc":{"start":{"line":1048,"column":4},"end":{"line":1050,"column":5}},"type":"if","locations":[{"start":{"line":1048,"column":4},"end":{"line":1050,"column":5}},{"start":{},"end":{}}],"line":1048},"101":{"loc":{"start":{"line":1062,"column":4},"end":{"line":1070,"column":5}},"type":"if","locations":[{"start":{"line":1062,"column":4},"end":{"line":1070,"column":5}},{"start":{},"end":{}}],"line":1062},"102":{"loc":{"start":{"line":1073,"column":4},"end":{"line":1081,"column":5}},"type":"if","locations":[{"start":{"line":1073,"column":4},"end":{"line":1081,"column":5}},{"start":{},"end":{}}],"line":1073},"103":{"loc":{"start":{"line":1084,"column":4},"end":{"line":1092,"column":5}},"type":"if","locations":[{"start":{"line":1084,"column":4},"end":{"line":1092,"column":5}},{"start":{},"end":{}}],"line":1084},"104":{"loc":{"start":{"line":1095,"column":4},"end":{"line":1103,"column":5}},"type":"if","locations":[{"start":{"line":1095,"column":4},"end":{"line":1103,"column":5}},{"start":{},"end":{}}],"line":1095},"105":{"loc":{"start":{"line":1106,"column":4},"end":{"line":1114,"column":5}},"type":"if","locations":[{"start":{"line":1106,"column":4},"end":{"line":1114,"column":5}},{"start":{},"end":{}}],"line":1106},"106":{"loc":{"start":{"line":1117,"column":4},"end":{"line":1125,"column":5}},"type":"if","locations":[{"start":{"line":1117,"column":4},"end":{"line":1125,"column":5}},{"start":{},"end":{}}],"line":1117},"107":{"loc":{"start":{"line":1158,"column":8},"end":{"line":1158,"column":36}},"type":"binary-expr","locations":[{"start":{"line":1158,"column":8},"end":{"line":1158,"column":28}},{"start":{"line":1158,"column":32},"end":{"line":1158,"column":36}}],"line":1158},"108":{"loc":{"start":{"line":1159,"column":8},"end":{"line":1159,"column":36}},"type":"binary-expr","locations":[{"start":{"line":1159,"column":8},"end":{"line":1159,"column":28}},{"start":{"line":1159,"column":32},"end":{"line":1159,"column":36}}],"line":1159},"109":{"loc":{"start":{"line":1160,"column":8},"end":{"line":1160,"column":39}},"type":"binary-expr","locations":[{"start":{"line":1160,"column":8},"end":{"line":1160,"column":31}},{"start":{"line":1160,"column":35},"end":{"line":1160,"column":39}}],"line":1160},"110":{"loc":{"start":{"line":1161,"column":8},"end":{"line":1161,"column":46}},"type":"binary-expr","locations":[{"start":{"line":1161,"column":8},"end":{"line":1161,"column":38}},{"start":{"line":1161,"column":42},"end":{"line":1161,"column":46}}],"line":1161},"111":{"loc":{"start":{"line":1162,"column":8},"end":{"line":1162,"column":43}},"type":"binary-expr","locations":[{"start":{"line":1162,"column":8},"end":{"line":1162,"column":35}},{"start":{"line":1162,"column":39},"end":{"line":1162,"column":43}}],"line":1162},"112":{"loc":{"start":{"line":1163,"column":8},"end":{"line":1163,"column":37}},"type":"binary-expr","locations":[{"start":{"line":1163,"column":8},"end":{"line":1163,"column":29}},{"start":{"line":1163,"column":33},"end":{"line":1163,"column":37}}],"line":1163},"113":{"loc":{"start":{"line":1164,"column":8},"end":{"line":1164,"column":32}},"type":"binary-expr","locations":[{"start":{"line":1164,"column":8},"end":{"line":1164,"column":24}},{"start":{"line":1164,"column":28},"end":{"line":1164,"column":32}}],"line":1164},"114":{"loc":{"start":{"line":1167,"column":8},"end":{"line":1167,"column":35}},"type":"binary-expr","locations":[{"start":{"line":1167,"column":8},"end":{"line":1167,"column":27}},{"start":{"line":1167,"column":31},"end":{"line":1167,"column":35}}],"line":1167},"115":{"loc":{"start":{"line":1231,"column":11},"end":{"line":1231,"column":25}},"type":"binary-expr","locations":[{"start":{"line":1231,"column":11},"end":{"line":1231,"column":17}},{"start":{"line":1231,"column":21},"end":{"line":1231,"column":25}}],"line":1231},"116":{"loc":{"start":{"line":1258,"column":6},"end":{"line":1261,"column":7}},"type":"if","locations":[{"start":{"line":1258,"column":6},"end":{"line":1261,"column":7}},{"start":{},"end":{}}],"line":1258},"117":{"loc":{"start":{"line":1264,"column":4},"end":{"line":1266,"column":5}},"type":"if","locations":[{"start":{"line":1264,"column":4},"end":{"line":1266,"column":5}},{"start":{},"end":{}}],"line":1264},"118":{"loc":{"start":{"line":1295,"column":4},"end":{"line":1304,"column":5}},"type":"if","locations":[{"start":{"line":1295,"column":4},"end":{"line":1304,"column":5}},{"start":{},"end":{}}],"line":1295},"119":{"loc":{"start":{"line":1295,"column":8},"end":{"line":1295,"column":33}},"type":"binary-expr","locations":[{"start":{"line":1295,"column":8},"end":{"line":1295,"column":14}},{"start":{"line":1295,"column":18},"end":{"line":1295,"column":33}}],"line":1295},"120":{"loc":{"start":{"line":1298,"column":8},"end":{"line":1300,"column":9}},"type":"if","locations":[{"start":{"line":1298,"column":8},"end":{"line":1300,"column":9}},{"start":{},"end":{}}],"line":1298},"121":{"loc":{"start":{"line":1346,"column":20},"end":{"line":1346,"column":43}},"type":"binary-expr","locations":[{"start":{"line":1346,"column":20},"end":{"line":1346,"column":38}},{"start":{"line":1346,"column":42},"end":{"line":1346,"column":43}}],"line":1346},"122":{"loc":{"start":{"line":1347,"column":21},"end":{"line":1347,"column":45}},"type":"binary-expr","locations":[{"start":{"line":1347,"column":21},"end":{"line":1347,"column":40}},{"start":{"line":1347,"column":44},"end":{"line":1347,"column":45}}],"line":1347},"123":{"loc":{"start":{"line":1348,"column":22},"end":{"line":1348,"column":47}},"type":"binary-expr","locations":[{"start":{"line":1348,"column":22},"end":{"line":1348,"column":42}},{"start":{"line":1348,"column":46},"end":{"line":1348,"column":47}}],"line":1348},"124":{"loc":{"start":{"line":1349,"column":20},"end":{"line":1349,"column":43}},"type":"binary-expr","locations":[{"start":{"line":1349,"column":20},"end":{"line":1349,"column":38}},{"start":{"line":1349,"column":42},"end":{"line":1349,"column":43}}],"line":1349},"125":{"loc":{"start":{"line":1350,"column":19},"end":{"line":1350,"column":46}},"type":"binary-expr","locations":[{"start":{"line":1350,"column":19},"end":{"line":1350,"column":41}},{"start":{"line":1350,"column":45},"end":{"line":1350,"column":46}}],"line":1350},"126":{"loc":{"start":{"line":1351,"column":18},"end":{"line":1351,"column":37}},"type":"binary-expr","locations":[{"start":{"line":1351,"column":18},"end":{"line":1351,"column":32}},{"start":{"line":1351,"column":36},"end":{"line":1351,"column":37}}],"line":1351},"127":{"loc":{"start":{"line":1352,"column":18},"end":{"line":1352,"column":37}},"type":"binary-expr","locations":[{"start":{"line":1352,"column":18},"end":{"line":1352,"column":32}},{"start":{"line":1352,"column":36},"end":{"line":1352,"column":37}}],"line":1352}},"s":{"0":5,"1":5,"2":68,"3":68,"4":68,"5":68,"6":68,"7":68,"8":68,"9":68,"10":68,"11":68,"12":68,"13":0,"14":0,"15":5,"16":119,"17":0,"18":119,"19":5,"20":3,"21":3,"22":3,"23":3,"24":0,"25":0,"26":5,"27":1,"28":1,"29":1,"30":1,"31":0,"32":0,"33":5,"34":2,"35":2,"36":2,"37":2,"38":0,"39":0,"40":5,"41":1,"42":1,"43":1,"44":1,"45":1,"46":1,"47":1,"48":1,"49":1,"50":1,"51":1,"52":1,"53":1,"54":1,"55":0,"56":1,"57":1,"58":1,"59":1,"60":0,"61":0,"62":5,"63":1,"64":1,"65":1,"66":1,"67":0,"68":0,"69":5,"70":0,"71":0,"72":0,"73":0,"74":0,"75":0,"76":5,"77":3,"78":3,"79":3,"80":2,"81":1,"82":1,"83":5,"84":3,"85":3,"86":3,"87":2,"88":1,"89":1,"90":5,"91":3,"92":3,"93":3,"94":3,"95":0,"96":0,"97":5,"98":3,"99":3,"100":3,"101":3,"102":3,"103":2,"104":2,"105":3,"106":2,"107":2,"108":3,"109":2,"110":2,"111":3,"112":2,"113":2,"114":3,"115":1,"116":2,"117":2,"118":2,"119":1,"120":2,"121":2,"122":5,"123":2,"124":2,"125":2,"126":1,"127":1,"128":1,"129":5,"130":2,"131":2,"132":2,"133":2,"134":0,"135":0,"136":5,"137":1,"138":1,"139":1,"140":1,"141":0,"142":0,"143":5,"144":1,"145":1,"146":1,"147":1,"148":0,"149":0,"150":5,"151":2,"152":2,"153":2,"154":2,"155":0,"156":0,"157":5,"158":1,"159":1,"160":1,"161":1,"162":1,"163":1,"164":1,"165":1,"166":1,"167":1,"168":1,"169":1,"170":1,"171":1,"172":0,"173":1,"174":1,"175":1,"176":1,"177":0,"178":0,"179":5,"180":1,"181":1,"182":1,"183":1,"184":0,"185":0,"186":5,"187":1,"188":1,"189":1,"190":1,"191":0,"192":0,"193":5,"194":1,"195":1,"196":1,"197":1,"198":0,"199":0,"200":5,"201":1,"202":1,"203":1,"204":1,"205":0,"206":0,"207":5,"208":2,"209":2,"210":2,"211":2,"212":0,"213":0,"214":5,"215":1,"216":1,"217":1,"218":1,"219":1,"220":1,"221":1,"222":1,"223":1,"224":1,"225":1,"226":1,"227":1,"228":1,"229":1,"230":1,"231":1,"232":1,"233":1,"234":1,"235":0,"236":1,"237":1,"238":1,"239":1,"240":0,"241":0,"242":5,"243":1,"244":1,"245":1,"246":1,"247":0,"248":0,"249":5,"250":8,"251":8,"252":8,"253":8,"254":8,"255":0,"256":0,"257":5,"258":1,"259":1,"260":1,"261":1,"262":0,"263":0,"264":5,"265":1,"266":1,"267":1,"268":1,"269":0,"270":0,"271":5,"272":1,"273":1,"274":1,"275":1,"276":0,"277":0,"278":5,"279":5,"280":5,"281":5,"282":5,"283":0,"284":0,"285":5,"286":3,"287":3,"288":3,"289":3,"290":3,"291":1,"292":1,"293":3,"294":0,"295":0,"296":3,"297":0,"298":0,"299":3,"300":0,"301":0,"302":3,"303":1,"304":1,"305":3,"306":0,"307":0,"308":3,"309":0,"310":0,"311":3,"312":1,"313":2,"314":2,"315":2,"316":2,"317":1,"318":1,"319":5,"320":1,"321":1,"322":1,"323":1,"324":0,"325":0,"326":0,"327":0,"328":0,"329":1,"330":1,"331":0,"332":0,"333":5,"334":6,"335":6,"336":6,"337":6,"338":6,"339":6,"340":1,"341":5,"342":5,"343":5,"344":1,"345":1,"346":5,"347":2,"348":2,"349":2,"350":1,"351":2,"352":0,"353":0,"354":5,"355":5,"356":5,"357":5,"358":15,"359":12,"360":12,"361":12,"362":5,"363":0,"364":0,"365":5,"366":4,"367":4,"368":4,"369":4,"370":1,"371":3,"372":3,"373":3,"374":3,"375":3,"376":3,"377":3,"378":3,"379":1,"380":1,"381":5,"382":2,"383":2,"384":2,"385":6,"386":2,"387":2,"388":3,"389":3,"390":2,"391":0,"392":0,"393":5,"394":3,"395":3,"396":3,"397":3,"398":3,"399":3,"400":3,"401":3,"402":3,"403":3,"404":0,"405":0,"406":5,"407":2,"408":2,"409":2,"410":2,"411":2,"412":2,"413":2,"414":2,"415":2,"416":0,"417":0,"418":5,"419":3,"420":3,"421":3,"422":3,"423":3,"424":1,"425":2,"426":2,"427":2,"428":1,"429":1,"430":2,"431":2,"432":1,"433":1,"434":2,"435":2,"436":1,"437":1,"438":2,"439":2,"440":1,"441":1,"442":2,"443":2,"444":1,"445":1,"446":2,"447":0,"448":0,"449":0,"450":2,"451":2,"452":1,"453":1,"454":5,"455":11,"456":11,"457":11,"458":11,"459":11,"460":0,"461":0,"462":5,"463":2,"464":2,"465":2,"466":2,"467":0,"468":0,"469":5,"470":1,"471":1,"472":1,"473":1,"474":0,"475":0,"476":5,"477":7,"478":7,"479":7,"480":7,"481":0,"482":0,"483":5,"484":3,"485":3,"486":3,"487":3,"488":3,"489":3,"490":3,"491":30,"492":3,"493":3,"494":3,"495":1,"496":2,"497":2,"498":2,"499":2,"500":2,"501":2,"502":1,"503":1,"504":5,"505":2,"506":2,"507":2,"508":2,"509":0,"510":0,"511":0,"512":0,"513":0,"514":2,"515":2,"516":0,"517":0,"518":5,"519":7,"520":7,"521":7,"522":6,"523":6,"524":6,"525":6,"526":6,"527":6,"528":6,"529":1,"530":1,"531":5,"532":5,"533":5,"534":5,"535":5,"536":0,"537":0,"538":5,"539":5,"540":5,"541":5,"542":5,"543":5,"544":20,"545":5,"546":0,"547":0,"548":5,"549":7,"550":7,"551":7,"552":7,"553":0,"554":0,"555":5,"556":6,"557":6,"558":6,"559":6,"560":0,"561":0,"562":5,"563":3,"564":3,"565":3,"566":3,"567":3,"568":3,"569":3,"570":3,"571":0,"572":0},"f":{"0":68,"1":119,"2":3,"3":1,"4":2,"5":1,"6":1,"7":0,"8":3,"9":3,"10":3,"11":3,"12":2,"13":2,"14":1,"15":1,"16":2,"17":1,"18":1,"19":1,"20":1,"21":1,"22":2,"23":1,"24":1,"25":8,"26":1,"27":1,"28":1,"29":5,"30":3,"31":1,"32":6,"33":2,"34":5,"35":15,"36":12,"37":4,"38":2,"39":6,"40":3,"41":2,"42":3,"43":11,"44":2,"45":1,"46":7,"47":3,"48":30,"49":2,"50":7,"51":5,"52":5,"53":20,"54":7,"55":6,"56":3},"b":{"0":[0,119],"1":[0],"2":[0],"3":[2,0],"4":[0],"5":[0],"6":[1,0],"7":[1,1],"8":[1,0],"9":[1,1],"10":[1,0],"11":[1,1],"12":[0,1],"13":[0],"14":[0],"15":[0],"16":[3,1],"17":[1],"18":[1],"19":[1],"20":[1],"21":[2,1],"22":[3,3],"23":[2,1],"24":[3,3],"25":[2,1],"26":[3,3],"27":[2,1],"28":[3,3],"29":[1,2],"30":[0],"31":[0],"32":[2,0],"33":[0],"34":[0],"35":[0],"36":[1,0],"37":[1,1],"38":[1,0],"39":[1,1],"40":[1,0],"41":[1,1],"42":[0,1],"43":[0],"44":[0],"45":[2,0],"46":[0],"47":[0],"48":[0],"49":[0],"50":[0],"51":[1,0],"52":[1,1],"53":[1,0],"54":[1,1],"55":[1,0],"56":[1,1],"57":[1,0],"58":[1,1],"59":[1,0],"60":[1,1],"61":[0,1],"62":[0],"63":[3],"64":[4],"65":[6],"66":[6],"67":[5,1],"68":[1],"69":[2],"70":[2],"71":[2],"72":[2],"73":[3],"74":[3],"75":[1,2],"76":[3,3],"77":[0,3],"78":[3,3],"79":[0,3],"80":[3,3],"81":[0,3],"82":[3,3],"83":[1,2],"84":[3,3],"85":[0,3],"86":[3,3],"87":[0,3],"88":[3,3],"89":[1,2],"90":[0,1],"91":[1,1],"92":[0,0],"93":[1,5],"94":[1,1],"95":[15,12],"96":[1,3],"97":[3,0],"98":[0],"99":[2,0],"100":[1,2],"101":[2,0],"102":[2,0],"103":[2,0],"104":[2,0],"105":[2,0],"106":[0,2],"107":[11,6],"108":[11,8],"109":[11,8],"110":[11,8],"111":[11,8],"112":[11,8],"113":[11,9],"114":[11,9],"115":[7,3],"116":[3,27],"117":[1,2],"118":[0,2],"119":[2,1],"120":[0,0],"121":[6,3],"122":[6,3],"123":[6,3],"124":[6,4],"125":[6,4],"126":[6,4],"127":[6,4]},"_coverageSchema":"1a1c01bbd47fc00a2c39e90264f33305004495a9","hash":"866d2e5f40ab7706cfd9b9c5f0426ae850625d61"}
,"/home/runner/work/docente-plus/docente-plus/db/schema.js": {"path":"/home/runner/work/docente-plus/docente-plus/db/schema.js","statementMap":{"0":{"start":{"line":1,"column":22},"end":{"line":81,"column":1}}},"fnMap":{},"branchMap":{},"s":{"0":5},"f":{},"b":{},"_coverageSchema":"1a1c01bbd47fc00a2c39e90264f33305004495a9","hash":"8eb91d36243f0749682f8f9c7c86013fbd072580"}
}
