TN:
SF:db/database.js
FN:9,(anonymous_0)
FN:31,(anonymous_1)
FN:49,(anonymous_2)
FN:73,(anonymous_3)
FN:89,(anonymous_4)
FN:108,(anonymous_5)
FN:151,(anonymous_6)
FN:166,(anonymous_7)
FN:189,(anonymous_8)
FN:214,(anonymous_9)
FN:230,(anonymous_10)
FN:250,(anonymous_11)
FN:295,(anonymous_12)
FN:317,(anonymous_13)
FN:341,(anonymous_14)
FN:357,(anonymous_15)
FN:376,(anonymous_16)
FN:395,(anonymous_17)
FN:436,(anonymous_18)
FN:460,(anonymous_19)
FN:486,(anonymous_20)
FN:502,(anonymous_21)
FN:521,(anonymous_22)
FN:542,(anonymous_23)
FN:591,(anonymous_24)
FN:621,(anonymous_25)
FN:652,(anonymous_26)
FN:668,(anonymous_27)
FN:687,(anonymous_28)
FN:706,(anonymous_29)
FN:729,(anonymous_30)
FN:786,(anonymous_31)
FN:819,(anonymous_32)
FN:849,(anonymous_33)
FN:872,(anonymous_34)
FN:877,(anonymous_35)
FN:878,(anonymous_36)
FN:901,(anonymous_37)
FN:941,(anonymous_38)
FN:946,(anonymous_39)
FN:967,(anonymous_40)
FN:1003,(anonymous_41)
FN:1037,(anonymous_42)
FN:1144,(anonymous_43)
FN:1187,(anonymous_44)
FN:1205,(anonymous_45)
FN:1224,(anonymous_46)
FN:1244,(anonymous_47)
FN:1257,(anonymous_48)
FN:1287,(anonymous_49)
FN:1322,(anonymous_50)
FN:1364,(anonymous_51)
FN:1396,(anonymous_52)
FN:1434,(anonymous_53)
FN:1448,(anonymous_54)
FN:1478,(anonymous_55)
FN:1502,(anonymous_56)
FNF:57
FNH:56
FNDA:68,(anonymous_0)
FNDA:119,(anonymous_1)
FNDA:3,(anonymous_2)
FNDA:1,(anonymous_3)
FNDA:2,(anonymous_4)
FNDA:1,(anonymous_5)
FNDA:1,(anonymous_6)
FNDA:0,(anonymous_7)
FNDA:3,(anonymous_8)
FNDA:3,(anonymous_9)
FNDA:3,(anonymous_10)
FNDA:3,(anonymous_11)
FNDA:2,(anonymous_12)
FNDA:2,(anonymous_13)
FNDA:1,(anonymous_14)
FNDA:1,(anonymous_15)
FNDA:2,(anonymous_16)
FNDA:1,(anonymous_17)
FNDA:1,(anonymous_18)
FNDA:1,(anonymous_19)
FNDA:1,(anonymous_20)
FNDA:1,(anonymous_21)
FNDA:2,(anonymous_22)
FNDA:1,(anonymous_23)
FNDA:1,(anonymous_24)
FNDA:8,(anonymous_25)
FNDA:1,(anonymous_26)
FNDA:1,(anonymous_27)
FNDA:1,(anonymous_28)
FNDA:5,(anonymous_29)
FNDA:3,(anonymous_30)
FNDA:1,(anonymous_31)
FNDA:6,(anonymous_32)
FNDA:2,(anonymous_33)
FNDA:5,(anonymous_34)
FNDA:15,(anonymous_35)
FNDA:12,(anonymous_36)
FNDA:4,(anonymous_37)
FNDA:2,(anonymous_38)
FNDA:6,(anonymous_39)
FNDA:3,(anonymous_40)
FNDA:2,(anonymous_41)
FNDA:3,(anonymous_42)
FNDA:11,(anonymous_43)
FNDA:2,(anonymous_44)
FNDA:1,(anonymous_45)
FNDA:7,(anonymous_46)
FNDA:3,(anonymous_47)
FNDA:30,(anonymous_48)
FNDA:2,(anonymous_49)
FNDA:7,(anonymous_50)
FNDA:5,(anonymous_51)
FNDA:5,(anonymous_52)
FNDA:20,(anonymous_53)
FNDA:7,(anonymous_54)
FNDA:6,(anonymous_55)
FNDA:3,(anonymous_56)
DA:6,5
DA:9,5
DA:10,68
DA:11,68
DA:14,68
DA:15,68
DA:16,68
DA:17,68
DA:18,68
DA:19,68
DA:20,68
DA:22,68
DA:23,68
DA:25,0
DA:26,0
DA:31,5
DA:32,119
DA:33,0
DA:35,119
DA:49,5
DA:50,3
DA:51,3
DA:52,3
DA:57,3
DA:64,0
DA:65,0
DA:73,5
DA:74,1
DA:75,1
DA:76,1
DA:77,1
DA:79,0
DA:80,0
DA:89,5
DA:90,2
DA:91,2
DA:92,2
DA:93,2
DA:95,0
DA:96,0
DA:108,5
DA:109,1
DA:110,1
DA:113,1
DA:114,1
DA:116,1
DA:117,1
DA:118,1
DA:120,1
DA:121,1
DA:122,1
DA:124,1
DA:125,1
DA:126,1
DA:129,1
DA:130,0
DA:133,1
DA:134,1
DA:136,1
DA:139,1
DA:141,0
DA:142,0
DA:151,5
DA:152,1
DA:153,1
DA:154,1
DA:155,1
DA:157,0
DA:158,0
DA:166,5
DA:167,0
DA:168,0
DA:169,0
DA:170,0
DA:172,0
DA:173,0
DA:189,5
DA:190,3
DA:191,3
DA:192,3
DA:197,2
DA:205,1
DA:206,1
DA:214,5
DA:215,3
DA:216,3
DA:217,3
DA:218,2
DA:220,1
DA:221,1
DA:230,5
DA:231,3
DA:232,3
DA:233,3
DA:234,3
DA:236,0
DA:237,0
DA:250,5
DA:251,3
DA:252,3
DA:254,3
DA:255,3
DA:257,3
DA:258,2
DA:259,2
DA:261,3
DA:262,2
DA:263,2
DA:265,3
DA:266,2
DA:267,2
DA:269,3
DA:270,2
DA:271,2
DA:274,3
DA:275,1
DA:278,2
DA:279,2
DA:281,2
DA:283,1
DA:285,2
DA:286,2
DA:295,5
DA:296,2
DA:297,2
DA:298,2
DA:299,1
DA:301,1
DA:302,1
DA:317,5
DA:318,2
DA:319,2
DA:320,2
DA:325,2
DA:332,0
DA:333,0
DA:341,5
DA:342,1
DA:343,1
DA:344,1
DA:345,1
DA:347,0
DA:348,0
DA:357,5
DA:358,1
DA:359,1
DA:360,1
DA:364,1
DA:366,0
DA:367,0
DA:376,5
DA:377,2
DA:378,2
DA:379,2
DA:380,2
DA:382,0
DA:383,0
DA:395,5
DA:396,1
DA:397,1
DA:399,1
DA:400,1
DA:402,1
DA:403,1
DA:404,1
DA:406,1
DA:407,1
DA:408,1
DA:410,1
DA:411,1
DA:412,1
DA:415,1
DA:416,0
DA:419,1
DA:420,1
DA:422,1
DA:424,1
DA:426,0
DA:427,0
DA:436,5
DA:437,1
DA:438,1
DA:439,1
DA:440,1
DA:442,0
DA:443,0
DA:460,5
DA:461,1
DA:462,1
DA:463,1
DA:468,1
DA:477,0
DA:478,0
DA:486,5
DA:487,1
DA:488,1
DA:489,1
DA:490,1
DA:492,0
DA:493,0
DA:502,5
DA:503,1
DA:504,1
DA:505,1
DA:509,1
DA:511,0
DA:512,0
DA:521,5
DA:522,2
DA:523,2
DA:524,2
DA:525,2
DA:527,0
DA:528,0
DA:542,5
DA:543,1
DA:544,1
DA:546,1
DA:547,1
DA:549,1
DA:550,1
DA:551,1
DA:553,1
DA:554,1
DA:555,1
DA:557,1
DA:558,1
DA:559,1
DA:561,1
DA:562,1
DA:563,1
DA:565,1
DA:566,1
DA:567,1
DA:570,1
DA:571,0
DA:574,1
DA:575,1
DA:577,1
DA:579,1
DA:581,0
DA:582,0
DA:591,5
DA:592,1
DA:593,1
DA:594,1
DA:595,1
DA:597,0
DA:598,0
DA:621,5
DA:622,8
DA:623,8
DA:624,8
DA:626,8
DA:631,8
DA:643,0
DA:644,0
DA:652,5
DA:653,1
DA:654,1
DA:655,1
DA:656,1
DA:658,0
DA:659,0
DA:668,5
DA:669,1
DA:670,1
DA:671,1
DA:675,1
DA:677,0
DA:678,0
DA:687,5
DA:688,1
DA:689,1
DA:690,1
DA:694,1
DA:696,0
DA:697,0
DA:706,5
DA:707,5
DA:708,5
DA:709,5
DA:710,5
DA:712,0
DA:713,0
DA:729,5
DA:730,3
DA:731,3
DA:733,3
DA:734,3
DA:736,3
DA:737,1
DA:738,1
DA:740,3
DA:741,0
DA:742,0
DA:744,3
DA:745,0
DA:746,0
DA:748,3
DA:749,0
DA:750,0
DA:752,3
DA:753,1
DA:754,1
DA:756,3
DA:757,0
DA:758,0
DA:760,3
DA:761,0
DA:762,0
DA:765,3
DA:766,1
DA:769,2
DA:770,2
DA:772,2
DA:774,2
DA:776,1
DA:777,1
DA:786,5
DA:787,1
DA:788,1
DA:791,1
DA:792,1
DA:793,0
DA:794,0
DA:795,0
DA:796,0
DA:799,0
DA:803,1
DA:804,1
DA:806,0
DA:807,0
DA:819,5
DA:820,6
DA:821,6
DA:822,6
DA:823,6
DA:826,6
DA:827,6
DA:828,1
DA:832,5
DA:837,5
DA:838,5
DA:840,1
DA:841,1
DA:849,5
DA:850,2
DA:851,2
DA:854,2
DA:855,1
DA:861,2
DA:863,0
DA:864,0
DA:872,5
DA:873,5
DA:874,5
DA:876,5
DA:877,15
DA:879,12
DA:880,12
DA:881,12
DA:889,5
DA:891,0
DA:892,0
DA:901,5
DA:902,4
DA:903,4
DA:906,4
DA:907,4
DA:908,1
DA:912,3
DA:913,3
DA:914,3
DA:915,3
DA:919,3
DA:923,3
DA:928,3
DA:929,3
DA:931,1
DA:932,1
DA:941,5
DA:942,2
DA:943,2
DA:946,6
DA:949,2
DA:951,2
DA:952,3
DA:953,3
DA:956,2
DA:958,0
DA:959,0
DA:967,5
DA:968,3
DA:969,3
DA:972,3
DA:973,3
DA:974,3
DA:975,3
DA:976,3
DA:977,3
DA:979,3
DA:992,3
DA:994,0
DA:995,0
DA:1003,5
DA:1004,2
DA:1005,2
DA:1006,2
DA:1007,2
DA:1009,2
DA:1015,2
DA:1018,2
DA:1019,2
DA:1025,2
DA:1027,0
DA:1028,0
DA:1037,5
DA:1038,3
DA:1039,3
DA:1042,3
DA:1046,3
DA:1048,3
DA:1049,1
DA:1052,2
DA:1062,2
DA:1063,2
DA:1064,1
DA:1068,1
DA:1073,2
DA:1074,2
DA:1075,1
DA:1079,1
DA:1084,2
DA:1085,2
DA:1086,1
DA:1090,1
DA:1095,2
DA:1096,2
DA:1097,1
DA:1101,1
DA:1106,2
DA:1107,2
DA:1108,1
DA:1112,1
DA:1117,2
DA:1118,0
DA:1119,0
DA:1123,0
DA:1127,2
DA:1128,2
DA:1130,1
DA:1131,1
DA:1144,5
DA:1145,11
DA:1146,11
DA:1147,11
DA:1149,11
DA:1171,11
DA:1178,0
DA:1179,0
DA:1187,5
DA:1188,2
DA:1189,2
DA:1190,2
DA:1193,2
DA:1195,0
DA:1196,0
DA:1205,5
DA:1206,1
DA:1207,1
DA:1208,1
DA:1212,1
DA:1214,0
DA:1215,0
DA:1224,5
DA:1225,7
DA:1226,7
DA:1227,7
DA:1231,7
DA:1233,0
DA:1234,0
DA:1244,5
DA:1245,3
DA:1246,3
DA:1247,3
DA:1249,3
DA:1250,3
DA:1252,3
DA:1257,3
DA:1258,30
DA:1259,3
DA:1260,3
DA:1264,3
DA:1265,1
DA:1268,2
DA:1269,2
DA:1270,2
DA:1272,2
DA:1273,2
DA:1275,2
DA:1277,1
DA:1278,1
DA:1287,5
DA:1288,2
DA:1289,2
DA:1292,2
DA:1295,2
DA:1296,0
DA:1297,0
DA:1298,0
DA:1299,0
DA:1302,0
DA:1306,2
DA:1307,2
DA:1309,0
DA:1310,0
DA:1322,5
DA:1323,7
DA:1324,7
DA:1327,7
DA:1328,6
DA:1329,6
DA:1330,6
DA:1333,6
DA:1338,6
DA:1341,6
DA:1345,6
DA:1355,1
DA:1356,1
DA:1364,5
DA:1365,5
DA:1366,5
DA:1368,5
DA:1385,5
DA:1387,0
DA:1388,0
DA:1396,5
DA:1397,5
DA:1398,5
DA:1401,5
DA:1417,5
DA:1433,5
DA:1434,20
DA:1437,5
DA:1439,0
DA:1440,0
DA:1448,5
DA:1449,7
DA:1450,7
DA:1452,7
DA:1467,7
DA:1469,0
DA:1470,0
DA:1478,5
DA:1479,6
DA:1480,6
DA:1482,6
DA:1491,6
DA:1493,0
DA:1494,0
DA:1502,5
DA:1503,3
DA:1504,3
DA:1505,3
DA:1506,3
DA:1507,3
DA:1508,3
DA:1510,3
DA:1519,3
DA:1521,0
DA:1522,0
LF:572
LH:459
BRDA:32,0,0,0
BRDA:32,0,1,119
BRDA:49,1,0,0
BRDA:49,2,0,0
BRDA:93,3,0,2
BRDA:93,3,1,0
BRDA:108,4,0,0
BRDA:108,5,0,0
BRDA:116,6,0,1
BRDA:116,6,1,0
BRDA:116,7,0,1
BRDA:116,7,1,1
BRDA:120,8,0,1
BRDA:120,8,1,0
BRDA:120,9,0,1
BRDA:120,9,1,1
BRDA:124,10,0,1
BRDA:124,10,1,0
BRDA:124,11,0,1
BRDA:124,11,1,1
BRDA:129,12,0,0
BRDA:129,12,1,1
BRDA:189,13,0,0
BRDA:189,14,0,0
BRDA:189,15,0,0
BRDA:234,16,0,3
BRDA:234,16,1,1
BRDA:250,17,0,1
BRDA:250,18,0,1
BRDA:250,19,0,1
BRDA:250,20,0,1
BRDA:257,21,0,2
BRDA:257,21,1,1
BRDA:257,22,0,3
BRDA:257,22,1,3
BRDA:261,23,0,2
BRDA:261,23,1,1
BRDA:261,24,0,3
BRDA:261,24,1,3
BRDA:265,25,0,2
BRDA:265,25,1,1
BRDA:265,26,0,3
BRDA:265,26,1,3
BRDA:269,27,0,2
BRDA:269,27,1,1
BRDA:269,28,0,3
BRDA:269,28,1,3
BRDA:274,29,0,1
BRDA:274,29,1,2
BRDA:317,30,0,0
BRDA:317,31,0,0
BRDA:380,32,0,2
BRDA:380,32,1,0
BRDA:395,33,0,0
BRDA:395,34,0,0
BRDA:395,35,0,0
BRDA:402,36,0,1
BRDA:402,36,1,0
BRDA:402,37,0,1
BRDA:402,37,1,1
BRDA:406,38,0,1
BRDA:406,38,1,0
BRDA:406,39,0,1
BRDA:406,39,1,1
BRDA:410,40,0,1
BRDA:410,40,1,0
BRDA:410,41,0,1
BRDA:410,41,1,1
BRDA:415,42,0,0
BRDA:415,42,1,1
BRDA:460,43,0,0
BRDA:460,44,0,0
BRDA:525,45,0,2
BRDA:525,45,1,0
BRDA:542,46,0,0
BRDA:542,47,0,0
BRDA:542,48,0,0
BRDA:542,49,0,0
BRDA:542,50,0,0
BRDA:549,51,0,1
BRDA:549,51,1,0
BRDA:549,52,0,1
BRDA:549,52,1,1
BRDA:553,53,0,1
BRDA:553,53,1,0
BRDA:553,54,0,1
BRDA:553,54,1,1
BRDA:557,55,0,1
BRDA:557,55,1,0
BRDA:557,56,0,1
BRDA:557,56,1,1
BRDA:561,57,0,1
BRDA:561,57,1,0
BRDA:561,58,0,1
BRDA:561,58,1,1
BRDA:565,59,0,1
BRDA:565,59,1,0
BRDA:565,60,0,1
BRDA:565,60,1,1
BRDA:570,61,0,0
BRDA:570,61,1,1
BRDA:621,62,0,0
BRDA:621,63,0,3
BRDA:621,64,0,4
BRDA:621,65,0,6
BRDA:621,66,0,6
BRDA:710,67,0,5
BRDA:710,67,1,1
BRDA:729,68,0,1
BRDA:729,69,0,2
BRDA:729,70,0,2
BRDA:729,71,0,2
BRDA:729,72,0,2
BRDA:729,73,0,3
BRDA:729,74,0,3
BRDA:736,75,0,1
BRDA:736,75,1,2
BRDA:736,76,0,3
BRDA:736,76,1,3
BRDA:740,77,0,0
BRDA:740,77,1,3
BRDA:740,78,0,3
BRDA:740,78,1,3
BRDA:744,79,0,0
BRDA:744,79,1,3
BRDA:744,80,0,3
BRDA:744,80,1,3
BRDA:748,81,0,0
BRDA:748,81,1,3
BRDA:748,82,0,3
BRDA:748,82,1,3
BRDA:752,83,0,1
BRDA:752,83,1,2
BRDA:752,84,0,3
BRDA:752,84,1,3
BRDA:756,85,0,0
BRDA:756,85,1,3
BRDA:756,86,0,3
BRDA:756,86,1,3
BRDA:760,87,0,0
BRDA:760,87,1,3
BRDA:760,88,0,3
BRDA:760,88,1,3
BRDA:765,89,0,1
BRDA:765,89,1,2
BRDA:792,90,0,0
BRDA:792,90,1,1
BRDA:792,91,0,1
BRDA:792,91,1,1
BRDA:795,92,0,0
BRDA:795,92,1,0
BRDA:827,93,0,1
BRDA:827,93,1,5
BRDA:854,94,0,1
BRDA:854,94,1,1
BRDA:877,95,0,15
BRDA:877,95,1,12
BRDA:907,96,0,1
BRDA:907,96,1,3
BRDA:914,97,0,3
BRDA:914,97,1,0
BRDA:941,98,0,0
BRDA:1018,99,0,2
BRDA:1018,99,1,0
BRDA:1048,100,0,1
BRDA:1048,100,1,2
BRDA:1062,101,0,2
BRDA:1062,101,1,0
BRDA:1073,102,0,2
BRDA:1073,102,1,0
BRDA:1084,103,0,2
BRDA:1084,103,1,0
BRDA:1095,104,0,2
BRDA:1095,104,1,0
BRDA:1106,105,0,2
BRDA:1106,105,1,0
BRDA:1117,106,0,0
BRDA:1117,106,1,2
BRDA:1158,107,0,11
BRDA:1158,107,1,6
BRDA:1159,108,0,11
BRDA:1159,108,1,8
BRDA:1160,109,0,11
BRDA:1160,109,1,8
BRDA:1161,110,0,11
BRDA:1161,110,1,8
BRDA:1162,111,0,11
BRDA:1162,111,1,8
BRDA:1163,112,0,11
BRDA:1163,112,1,8
BRDA:1164,113,0,11
BRDA:1164,113,1,9
BRDA:1167,114,0,11
BRDA:1167,114,1,9
BRDA:1231,115,0,7
BRDA:1231,115,1,3
BRDA:1258,116,0,3
BRDA:1258,116,1,27
BRDA:1264,117,0,1
BRDA:1264,117,1,2
BRDA:1295,118,0,0
BRDA:1295,118,1,2
BRDA:1295,119,0,2
BRDA:1295,119,1,1
BRDA:1298,120,0,0
BRDA:1298,120,1,0
BRDA:1346,121,0,6
BRDA:1346,121,1,3
BRDA:1347,122,0,6
BRDA:1347,122,1,3
BRDA:1348,123,0,6
BRDA:1348,123,1,3
BRDA:1349,124,0,6
BRDA:1349,124,1,4
BRDA:1350,125,0,6
BRDA:1350,125,1,4
BRDA:1351,126,0,6
BRDA:1351,126,1,4
BRDA:1352,127,0,6
BRDA:1352,127,1,4
BRF:220
BRH:162
end_of_record
TN:
SF:db/schema.js
FNF:0
FNH:0
DA:1,5
LF:1
LH:1
BRF:0
BRH:0
end_of_record
